<?xml version="1.0" encoding="UTF-8"?>
<testsuite xmlns:xsi="http://www.w3.org/2001/XMLSchema-instance" xsi:noNamespaceSchemaLocation="https://maven.apache.org/surefire/maven-surefire-plugin/xsd/surefire-test-report-3.0.xsd" version="3.0" name="com.qa.tests.usuario.UsuarioListTest" time="3.135" tests="3" errors="0" skipped="0" failures="0">
  <properties>
[...]
</properties>
  <testcase name="deveExibirUsuarioCriadoNaListagem" classname="com.qa.tests.usuario.UsuarioListTest" time="1.134">
    <system-out><![CDATA[Request method:	POST
Request URI:	https://serverest.dev/usuarios
Proxy:			<none>
Request params:	<none>
Query params:	<none>
Form params:	<none>
Path params:	<none>
Headers:		Accept=application/json, application/javascript, text/javascript, text/json
				Content-Type=application/json
Cookies:		<none>
Multiparts:		<none>
Body:
{
    "nome": "Usuário Válido",
    "email": "teste1776472589355@qa.com",
    "password": "123456",
    "administrador": "true"
}
Request method:	POST
Request URI:	https://serverest.dev/usuarios
Proxy:			<none>
Request params:	<none>
Query params:	<none>
Form params:	<none>
Path params:	<none>
Headers:		Accept=application/json, application/javascript, text/javascript, text/json
				Content-Type=application/json
Cookies:		<none>
Multiparts:		<none>
Body:
{
    "nome": "Usuário Válido",
    "email": "teste1776472589355@qa.com",
    "password": "123456",
    "administrador": "true"
}
Request method:	POST
Request URI:	https://serverest.dev/usuarios
Proxy:			<none>
Request params:	<none>
Query params:	<none>
Form params:	<none>
Path params:	<none>
Headers:		Accept=application/json, application/javascript, text/javascript, text/json
				Content-Type=application/json
Cookies:		<none>
Multiparts:		<none>
Body:
{
    "nome": "Usuário Válido",
    "email": "teste1776472589355@qa.com",
    "password": "123456",
    "administrador": "true"
}
Request method:	POST
Request URI:	https://serverest.dev/usuarios
Proxy:			<none>
Request params:	<none>
Query params:	<none>
Form params:	<none>
Path params:	<none>
Headers:		Accept=application/json, application/javascript, text/javascript, text/json
				Content-Type=application/json
Cookies:		<none>
Multiparts:		<none>
Body:
{
    "nome": "Usuário Válido",
    "email": "teste1776472589355@qa.com",
    "password": "123456",
    "administrador": "true"
}
Request method:	POST
Request URI:	https://serverest.dev/usuarios
Proxy:			<none>
Request params:	<none>
Query params:	<none>
Form params:	<none>
Path params:	<none>
Headers:		Accept=application/json, application/javascript, text/javascript, text/json
				Content-Type=application/json
Cookies:		<none>
Multiparts:		<none>
Body:
{
    "nome": "Usuário Válido",
    "email": "teste1776472589355@qa.com",
    "password": "123456",
    "administrador": "true"
}
Request method:	POST
Request URI:	https://serverest.dev/usuarios
Proxy:			<none>
Request params:	<none>
Query params:	<none>
Form params:	<none>
Path params:	<none>
Headers:		Accept=application/json, application/javascript, text/javascript, text/json
				Content-Type=application/json
Cookies:		<none>
Multiparts:		<none>
Body:
{
    "nome": "Usuário Válido",
    "email": "teste1776472589355@qa.com",
    "password": "123456",
    "administrador": "true"
}
HTTP/1.1 201 Created
access-control-allow-origin: *
x-dns-prefetch-control: off
x-frame-options: SAMEORIGIN
strict-transport-security: max-age=15552000; includeSubDomains
x-download-options: noopen
x-content-type-options: nosniff
x-xss-protection: 1; mode=block
content-type: application/json; charset=utf-8
x-cloud-trace-context: 74db3dbb5998bc3eafe6494d5316ada0
date: Sat, 18 Apr 2026 00:36:29 GMT
server: Google Frontend
Content-Length: 82

{
    "message": "Cadastro realizado com sucesso",
    "_id": "vQ3gr31SrgTffir8"
}
HTTP/1.1 201 Created
access-control-allow-origin: *
x-dns-prefetch-control: off
x-frame-options: SAMEORIGIN
strict-transport-security: max-age=15552000; includeSubDomains
x-download-options: noopen
x-content-type-options: nosniff
x-xss-protection: 1; mode=block
content-type: application/json; charset=utf-8
x-cloud-trace-context: 74db3dbb5998bc3eafe6494d5316ada0
date: Sat, 18 Apr 2026 00:36:29 GMT
server: Google Frontend
Content-Length: 82

{
    "message": "Cadastro realizado com sucesso",
    "_id": "vQ3gr31SrgTffir8"
}
HTTP/1.1 201 Created
access-control-allow-origin: *
x-dns-prefetch-control: off
x-frame-options: SAMEORIGIN
strict-transport-security: max-age=15552000; includeSubDomains
x-download-options: noopen
x-content-type-options: nosniff
x-xss-protection: 1; mode=block
content-type: application/json; charset=utf-8
x-cloud-trace-context: 74db3dbb5998bc3eafe6494d5316ada0
date: Sat, 18 Apr 2026 00:36:29 GMT
server: Google Frontend
Content-Length: 82

{
    "message": "Cadastro realizado com sucesso",
    "_id": "vQ3gr31SrgTffir8"
}
HTTP/1.1 201 Created
access-control-allow-origin: *
x-dns-prefetch-control: off
x-frame-options: SAMEORIGIN
strict-transport-security: max-age=15552000; includeSubDomains
x-download-options: noopen
x-content-type-options: nosniff
x-xss-protection: 1; mode=block
content-type: application/json; charset=utf-8
x-cloud-trace-context: 74db3dbb5998bc3eafe6494d5316ada0
date: Sat, 18 Apr 2026 00:36:29 GMT
server: Google Frontend
Content-Length: 82

{
    "message": "Cadastro realizado com sucesso",
    "_id": "vQ3gr31SrgTffir8"
}
HTTP/1.1 201 Created
access-control-allow-origin: *
x-dns-prefetch-control: off
x-frame-options: SAMEORIGIN
strict-transport-security: max-age=15552000; includeSubDomains
x-download-options: noopen
x-content-type-options: nosniff
x-xss-protection: 1; mode=block
content-type: application/json; charset=utf-8
x-cloud-trace-context: 74db3dbb5998bc3eafe6494d5316ada0
date: Sat, 18 Apr 2026 00:36:29 GMT
server: Google Frontend
Content-Length: 82

{
    "message": "Cadastro realizado com sucesso",
    "_id": "vQ3gr31SrgTffir8"
}
HTTP/1.1 201 Created
access-control-allow-origin: *
x-dns-prefetch-control: off
x-frame-options: SAMEORIGIN
strict-transport-security: max-age=15552000; includeSubDomains
x-download-options: noopen
x-content-type-options: nosniff
x-xss-protection: 1; mode=block
content-type: application/json; charset=utf-8
x-cloud-trace-context: 74db3dbb5998bc3eafe6494d5316ada0
date: Sat, 18 Apr 2026 00:36:29 GMT
server: Google Frontend
Content-Length: 82

{
    "message": "Cadastro realizado com sucesso",
    "_id": "vQ3gr31SrgTffir8"
}
DEBUG criarUsuarioERetornarId response body: {
    "message": "Cadastro realizado com sucesso",
    "_id": "vQ3gr31SrgTffir8"
}
Request method:	GET
Request URI:	https://serverest.dev/usuarios
Proxy:			<none>
Request params:	<none>
Query params:	<none>
Form params:	<none>
Path params:	<none>
Headers:		Accept=application/json, application/javascript, text/javascript, text/json
				Content-Type=application/json
Cookies:		<none>
Multiparts:		<none>
Body:			<none>
Request method:	GET
Request URI:	https://serverest.dev/usuarios
Proxy:			<none>
Request params:	<none>
Query params:	<none>
Form params:	<none>
Path params:	<none>
Headers:		Accept=application/json, application/javascript, text/javascript, text/json
				Content-Type=application/json
Cookies:		<none>
Multiparts:		<none>
Body:			<none>
Request method:	GET
Request URI:	https://serverest.dev/usuarios
Proxy:			<none>
Request params:	<none>
Query params:	<none>
Form params:	<none>
Path params:	<none>
Headers:		Accept=application/json, application/javascript, text/javascript, text/json
				Content-Type=application/json
Cookies:		<none>
Multiparts:		<none>
Body:			<none>
Request method:	GET
Request URI:	https://serverest.dev/usuarios
Proxy:			<none>
Request params:	<none>
Query params:	<none>
Form params:	<none>
Path params:	<none>
Headers:		Accept=application/json, application/javascript, text/javascript, text/json
				Content-Type=application/json
Cookies:		<none>
Multiparts:		<none>
Body:			<none>
Request method:	GET
Request URI:	https://serverest.dev/usuarios
Proxy:			<none>
Request params:	<none>
Query params:	<none>
Form params:	<none>
Path params:	<none>
Headers:		Accept=application/json, application/javascript, text/javascript, text/json
				Content-Type=application/json
Cookies:		<none>
Multiparts:		<none>
Body:			<none>
Request method:	GET
Request URI:	https://serverest.dev/usuarios
Proxy:			<none>
Request params:	<none>
Query params:	<none>
Form params:	<none>
Path params:	<none>
Headers:		Accept=application/json, application/javascript, text/javascript, text/json
				Content-Type=application/json
Cookies:		<none>
Multiparts:		<none>
Body:			<none>
HTTP/1.1 200 OK
access-control-allow-origin: *
x-dns-prefetch-control: off
x-frame-options: SAMEORIGIN
strict-transport-security: max-age=15552000; includeSubDomains
x-download-options: noopen
x-content-type-options: nosniff
x-xss-protection: 1; mode=block
content-type: application/json; charset=utf-8
x-cloud-trace-context: 686424ef962fde185c68afb86f5c815e
date: Sat, 18 Apr 2026 00:36:30 GMT
server: Google Frontend
Content-Length: 22298

{
    "quantidade": 102,
    "usuarios": [
        {
            "nome": "Usuário Válido",
            "email": "teste1776471422780@qa.com",
            "password": "123456",
            "administrador": "true",
            "_id": "0Q9DwOMlisfKGBg7"
        },
        {
            "nome": "Usuário Válido",
            "email": "teste1776471423040@qa.com",
            "password": "123456",
            "administrador": "true",
            "_id": "0u4Wck6tPUErpbW7"
        },
        {
            "nome": "Fulano da Silva",
            "email": "fulano@qa.com",
            "password": "teste",
            "administrador": "true",
            "_id": "0uxuPY0cbmQhpEz1"
        },
        {
            "nome": "Usuário Válido",
            "email": "teste1776469068323@qa.com",
            "password": "123456",
            "administrador": "true",
            "_id": "101h13DqMFCn3CWZ"
        },
        {
            "nome": "Usuário Válido",
            "email": "teste1776471419967@qa.com",
            "password": "123456",
            "administrador": "true",
            "_id": "1BSn7bX7bVfL0DO8"
        },
        {
            "nome": "Edson QA",
            "email": "teste1776469040780@qa.com",
            "password": "123456",
            "administrador": "true",
            "_id": "2MuVAFTwWV7wWH6L"
        },
        {
            "nome": "Usuário Válido",
            "email": "teste1776472163355@qa.com",
            "password": "123456",
            "administrador": "true",
            "_id": "3U47SJeD5yOAb7Kj"
        },
        {
            "nome": "Lucas",
            "email": "lucas@email.com",
            "password": "teste",
            "administrador": "true",
            "_id": "3i7Pb33T7zMi0RZD"
        },
        {
            "nome": "Edson QA",
            "email": "teste1776468349497@qa.com",
            "password": "123456",
            "administrador": "true",
            "_id": "4Mm4G15fWfgClme5"
        },
        {
            "nome": "Usuário Válido",
            "email": "teste1776470191499@qa.com",
            "password": "123456",
            "administrador": "true",
            "_id": "4XdA71q5w0bJ2kk7"
        },
        {
            "nome": "Usuário Válido",
            "email": "teste1776469099622@qa.com",
            "password": "123456",
            "administrador": "true",
            "_id": "79EKGDNYDxhgu7Tj"
        },
        {
            "nome": "Usuário Válido",
            "email": "teste1776469095565@qa.com",
            "password": "123456",
            "administrador": "true",
            "_id": "7RZjtv5M6nReWFc6"
        },
        {
            "nome": "Edson QA",
            "email": "teste1776471258477@qa.com",
            "password": "123456",
            "administrador": "true",
            "_id": "7dUx6M0b407IzIgm"
        },
        {
            "nome": "Usuário Válido",
            "email": "teste1776472584854@qa.com",
            "password": "123456",
            "administrador": "true",
            "_id": "89mr5NundJMFpXmB"
        },
        {
            "nome": "Usuário Válido",
            "email": "teste1776469810880@qa.com",
            "password": "123456",
            "administrador": "true",
            "_id": "AD49tBAyumE2MM0X"
        },
        {
            "nome": "Usuário Válido",
            "email": "teste1776468352768@qa.com",
            "password": "123456",
            "administrador": "true",
            "_id": "AjyPHwoqWusED9q7"
        },
        {
            "nome": "Usuário Válido",
            "email": "teste1776469819954@qa.com",
            "password": "123456",
            "administrador": "true",
            "_id": "AyWvlaXJ5FkQEUQ2"
        },
        {
            "administrador": "true",
            "email": "francesco.schinner@gmail.com",
            "nome": "Wilbur Stanton PhD",
            "password": "password",
            "_id": "BHupEZPFNHH7eK3M"
        },
        {
            "nome": "Usuário Válido",
            "email": "teste1776468348570@qa.com",
            "password": "123456",
            "administrador": "true",
            "_id": "BijsZgML3rj4yeI5"
        },
        {
            "nome": "Usuário Válido",
            "email": "teste1776472584072@qa.com",
            "password": "123456",
            "administrador": "true",
            "_id": "CoTqwyWQejo6lcu6"
        },
        {
            "nome": "Edson QA",
            "email": "teste1776469816432@qa.com",
            "password": "123456",
            "administrador": "true",
            "_id": "Dpc3RFGKycO4tZLZ"
        },
        {
            "nome": "Usuário Válido",
            "email": "teste1776468344252@qa.com",
            "password": "123456",
            "administrador": "true",
            "_id": "DwANXCn2nE7mLeN2"
        },
        {
            "nome": "Edson QA",
            "email": "teste1776469550495@qa.com",
            "password": "123456",
            "administrador": "true",
            "_id": "E9nxeIhi0wqgz6GX"
        },
        {
            "nome": "Usuário Válido",
            "email": "teste1776470196024@qa.com",
            "password": "123456",
            "administrador": "true",
            "_id": "ExlvzNCP1jKYrMCU"
        },
        {
            "nome": "Usuário Válido",
            "email": "teste1776472582005@qa.com",
            "password": "123456",
            "administrador": "true",
            "_id": "FeworkQ571CXIRJX"
        },
        {
            "administrador": "true",
            "email": "levi.runte@hotmail.com",
            "nome": "Kassie Crist",
            "password": "password",
            "_id": "Frou7WzkVZwQKK40"
        },
        {
            "nome": "TESTE",
            "email": "leonel.ifcs@outlook.com",
            "password": "leonel",
            "administrador": "false",
            "_id": "Fse4TmRlV65mkVrI"
        },
        {
            "nome": "Edson QA",
            "email": "teste1776469013208@qa.com",
            "password": "123456",
            "administrador": "true",
            "_id": "GCDZBuJPv60BBVeS"
        },
        {
            "nome": "Usuário Válido",
            "email": "teste1776471423325@qa.com",
            "password": "123456",
            "administrador": "true",
            "_id": "GYmThuHDplHKsv7A"
        },
        {
            "nome": "Usuário Válido",
            "email": "teste1776469069100@qa.com",
            "password": "123456",
            "administrador": "true",
            "_id": "GdNpTymVbaTBurDz"
        },
        {
            "nome": "Usuário Válido",
            "email": "teste1776468444666@qa.com",
            "password": "123456",
            "administrador": "true",
            "_id": "IAk9IWmIsdo171AW"
        },
        {
            "nome": "Usuário Válido",
            "email": "teste1776470193159@qa.com",
            "password": "123456",
            "administrador": "true",
            "_id": "IWmfQfExrg0hhKqO"
        },
        {
            "nome": "Usuário Válido",
            "email": "teste1776469546205@qa.com",
            "password": "123456",
            "administrador": "true",
            "_id": "IulwHYKsJVawr8kr"
        },
        {
            "nome": "Edson QA",
            "email": "teste1776471422644@qa.com",
            "password": "123456",
            "administrador": "true",
            "_id": "IupIcuJ2fM3SD9YL"
        },
        {
            "nome": "Usuário Válido",
            "email": "teste1776468441277@qa.com",
            "password": "123456",
            "administrador": "true",
            "_id": "J98BoKgPtJYbEr6V"
        },
        {
            "nome": "Usuário Válido",
            "email": "teste1776472161989@qa.com",
            "password": "123456",
            "administrador": "true",
            "_id": "JwsFjwypMZbFMZno"
        },
        {
            "nome": "Usuário Válido",
            "email": "teste1776468447589@qa.com",
            "password": "123456",
            "administrador": "true",
            "_id": "KD2Vt7u7FYhDIFf4"
        },
        {
            "nome": "Usuário Válido",
            "email": "teste1776470195728@qa.com",
            "password": "123456",
            "administrador": "true",
            "_id": "LhtCl04lbyveeudi"
        },
        {
            "nome": "Arnulfo",
            "email": "israel.fritsch@yahoo.com",
            "password": "v7f83ad851",
            "administrador": "true",
            "_id": "NyQRP1DykKPM9Fq9"
        },
        {
            "nome": "Usuário Válido",
            "email": "teste1776469553102@qa.com",
            "password": "123456",
            "administrador": "true",
            "_id": "OJmVcP1ZqEHXaE71"
        },
        {
            "nome": "Usuário Válido",
            "email": "teste1776472170490@qa.com",
            "password": "123456",
            "administrador": "true",
            "_id": "OWsImsGrboOkfqGL"
        },
        {
            "nome": "Usuário Válido",
            "email": "teste1776468448489@qa.com",
            "password": "123456",
            "administrador": "true",
            "_id": "P1kVErBtcyIRWos7"
        },
        {
            "nome": "Edson QA",
            "email": "teste1776469100977@qa.com",
            "password": "123456",
            "administrador": "true",
            "_id": "PWQjH1nlfwTou1Q0"
        },
        {
            "nome": "Usuário Válido",
            "email": "teste1776469554787@qa.com",
            "password": "123456",
            "administrador": "true",
            "_id": "R0bdxgtIq3aPI0ia"
        },
        {
            "nome": "Usuário Válido",
            "email": "teste1776469039202@qa.com",
            "password": "123456",
            "administrador": "true",
            "_id": "TCoJDnCG8R3dSpji"
        },
        {
            "nome": "Usuário Válido",
            "email": "teste1776469036000@qa.com",
            "password": "123456",
            "administrador": "true",
            "_id": "TEXDbZlVNfqRbaNx"
        },
        {
            "nome": "Usuário Válido",
            "email": "teste1776472157241@qa.com",
            "password": "123456",
            "administrador": "true",
            "_id": "UWp69M0yH697TO6y"
        },
        {
            "nome": "Usuário Válido",
            "email": "teste1776471418413@qa.com",
            "password": "123456",
            "administrador": "true",
            "_id": "UYWf8ZSlwhUTu1Nk"
        },
        {
            "nome": "Usuário Válido",
            "email": "teste1776472423150@qa.com",
            "password": "123456",
            "administrador": "true",
            "_id": "UbcK8dvSHkzAy6Zq"
        },
        {
            "nome": "Usuário Válido",
            "email": "teste1776468347595@qa.com",
            "password": "123456",
            "administrador": "true",
            "_id": "Vdlq6a2aIFEsnRge"
        },
        {
            "nome": "Usuário Válido",
            "email": "teste1776472412264@qa.com",
            "password": "123456",
            "administrador": "true",
            "_id": "VrHkJV7R9Lc2FScE"
        },
        {
            "nome": "Usuário Válido",
            "email": "teste1776472417007@qa.com",
            "password": "123456",
            "administrador": "true",
            "_id": "X3WeIBuVqi2uGwfi"
        },
        {
            "nome": "Usuário Válido",
            "email": "teste1776468438870@qa.com",
            "password": "123456",
            "administrador": "true",
            "_id": "YN4Ax560BnVbB7U5"
        },
        {
            "nome": "Usuário Válido",
            "email": "teste1776469012374@qa.com",
            "password": "123456",
            "administrador": "true",
            "_id": "YNmYhaItVOunzIPC"
        },
        {
            "nome": "Usuário Válido",
            "email": "teste1776471422393@qa.com",
            "password": "123456",
            "administrador": "true",
            "_id": "Z59ujzAueClXf6SJ"
        },
        {
            "nome": "Usuário Válido",
            "email": "teste1776472580035@qa.com",
            "password": "123456",
            "administrador": "true",
            "_id": "Z8b1zxFSD8lLdApe"
        },
        {
            "nome": "Usuário Válido",
            "email": "teste1776468443888@qa.com",
            "password": "123456",
            "administrador": "true",
            "_id": "Zgn9W3t7w6JyylFm"
        },
        {
            "nome": "Usuário Válido",
            "email": "teste1776472159755@qa.com",
            "password": "123456",
            "administrador": "true",
            "_id": "anV109luOD4UZT9M"
        },
        {
            "nome": "Usuário Válido",
            "email": "teste1776469011516@qa.com",
            "password": "123456",
            "administrador": "true",
            "_id": "bIzxcl0c0ZPXGxx1"
        },
        {
            "nome": "Usuário Válido",
            "email": "teste1776471254872@qa.com",
            "password": "123456",
            "administrador": "true",
            "_id": "cM2fCXuiy047gHP6"
        },
        {
            "nome": "Usuário Válido",
            "email": "teste1776469812860@qa.com",
            "password": "123456",
            "administrador": "true",
            "_id": "dBSyy8tRWlbOqhdX"
        },
        {
            "nome": "Usuário Válido",
            "email": "teste1776472424025@qa.com",
            "password": "123456",
            "administrador": "true",
            "_id": "dDV0ZLUXWiIxh21Y"
        },
        {
            "nome": "Earl Garcia",
            "email": "qbrown@example.org",
            "password": "admin",
            "administrador": "true",
            "_id": "fQL2clJIp17xBsPJ"
        },
        {
            "nome": "Usuário Válido",
            "email": "teste1776469819067@qa.com",
            "password": "123456",
            "administrador": "true",
            "_id": "foz7SoJY47oBZIjC"
        },
        {
            "nome": "Edson QA",
            "email": "teste1776468445449@qa.com",
            "password": "123456",
            "administrador": "true",
            "_id": "fsOgQNwER77JtkmD"
        },
        {
            "nome": "Usuário Válido",
            "email": "teste1776469815641@qa.com",
            "password": "123456",
            "administrador": "true",
            "_id": "g2H63jnqPqSkrBPg"
        },
        {
            "nome": "Usuário Válido",
            "email": "teste1776468338949@qa.com",
            "password": "123456",
            "administrador": "true",
            "_id": "gOmYDyB118Umjit8"
        },
        {
            "nome": "Edson QA",
            "email": "teste1776472418003@qa.com",
            "password": "123456",
            "administrador": "true",
            "_id": "hnHTPHONcyiiEeKK"
        },
        {
            "nome": "Usuário Válido",
            "email": "teste1776472169027@qa.com",
            "password": "123456",
            "administrador": "true",
            "_id": "i4FuxOfNsyxgZfQT"
        },
        {
            "nome": "Usuário Válido",
            "email": "teste1776470195323@qa.com",
            "password": "123456",
            "administrador": "true",
            "_id": "iQBp6pnD8iGMBDRv"
        },
        {
            "nome": "Usuário Válido",
            "email": "teste1776469552228@qa.com",
            "password": "123456",
            "administrador": "true",
            "_id": "iY1Dm0gZ3gEWdtJt"
        },
        {
            "nome": "Usuário Válido",
            "email": "teste1776469814894@qa.com",
            "password": "123456",
            "administrador": "true",
            "_id": "jWhzhAQmaHAtjSyS"
        },
        {
            "nome": "Usuário Válido",
            "email": "teste1776472416201@qa.com",
            "password": "123456",
            "administrador": "true",
            "_id": "jnqgxYraOYs4acwK"
        },
        {
            "nome": "Usuário Válido",
            "email": "teste1776471257575@qa.com",
            "password": "123456",
            "administrador": "true",
            "_id": "kWF3dXCLWBpPbnJG"
        },
        {
            "nome": "Usuário Válido",
            "email": "teste1776469065305@qa.com",
            "password": "123456",
            "administrador": "true",
            "_id": "krLz8TC2XDNeGfLA"
        },
        {
            "nome": "Edson QA",
            "email": "teste1776470195594@qa.com",
            "password": "123456",
            "administrador": "true",
            "_id": "krUxccv5PWVPTzzW"
        },
        {
            "nome": "Usuário Válido",
            "email": "teste1776469549127@qa.com",
            "password": "123456",
            "administrador": "true",
            "_id": "mWmeRBAU1fCBzqTo"
        },
        {
            "nome": "Usuário Válido",
            "email": "teste1776471256789@qa.com",
            "password": "123456",
            "administrador": "true",
            "_id": "mWubWGFAicph6sVK"
        },
        {
            "nome": "Usuário Válido",
            "email": "teste1776469544247@qa.com",
            "password": "123456",
            "administrador": "true",
            "_id": "mhqgHRbLI0aWM0lj"
        },
        {
            "nome": "Usuário Válido",
            "email": "teste1776470195069@qa.com",
            "password": "123456",
            "administrador": "true",
            "_id": "p0hGCMvHxDNRKueC"
        },
        {
            "password": "teste",
            "administrador": "true",
            "nome": "Fulano Testes Tres",
            "email": "fulanoteste3@qa.com.br",
            "_id": "pDOIU1Eaqz35OktU"
        },
        {
            "nome": "Usuário Válido",
            "email": "teste1776472168104@qa.com",
            "password": "123456",
            "administrador": "true",
            "_id": "pR5cVnzkRlfP5fhT"
        },
        {
            "administrador": "true",
            "email": "carl.simonis@gmail.com",
            "nome": "Mrs. Donovan Robel",
            "password": "password",
            "_id": "qk2ZeYtAxaaR48R9"
        },
        {
            "nome": "Usuário Válido",
            "email": "teste1776471252229@qa.com",
            "password": "123456",
            "administrador": "true",
            "_id": "qu5XB2AHBLBIFeBZ"
        },
        {
            "nome": "Edson QA",
            "email": "teste1776469069895@qa.com",
            "password": "123456",
            "administrador": "true",
            "_id": "qwAssKhnv7DOn1kH"
        },
        {
            "nome": "Usuário Válido",
            "email": "teste1776472414151@qa.com",
            "password": "123456",
            "administrador": "true",
            "_id": "rg0JIdoCxKv6NNiv"
        },
        {
            "nome": "Edson QA",
            "email": "teste1776472164143@qa.com",
            "password": "123456",
            "administrador": "true",
            "_id": "t1KkUKnloos6Bm9B"
        },
        {
            "nome": "Usuário Válido",
            "email": "teste1776471263253@qa.com",
            "password": "123456",
            "administrador": "true",
            "_id": "thVX9JFQwxbqUC8H"
        },
        {
            "nome": "Usuário Válido",
            "email": "teste1776471262418@qa.com",
            "password": "123456",
            "administrador": "true",
            "_id": "uA1fxYPbaNUlmVRN"
        },
        {
            "nome": "Usuário Válido",
            "email": "teste1776471422160@qa.com",
            "password": "123456",
            "administrador": "true",
            "_id": "uITR5KWwNa8yRMKb"
        },
        {
            "nome": "Usuário Válido",
            "email": "teste1776469098841@qa.com",
            "password": "123456",
            "administrador": "true",
            "_id": "ue1FoIpp8lMcnGwU"
        },
        {
            "nome": "Usuário Válido",
            "email": "teste1776469553903@qa.com",
            "password": "123456",
            "administrador": "true",
            "_id": "ujtx4X1PYR4rIetv"
        },
        {
            "nome": "Usuário Válido",
            "email": "teste1776472589355@qa.com",
            "password": "123456",
            "administrador": "true",
            "_id": "vQ3gr31SrgTffir8"
        },
        {
            "nome": "Usuário Válido",
            "email": "teste1776472422194@qa.com",
            "password": "123456",
            "administrador": "true",
            "_id": "vRV0sdTSj1Y0H6Ud"
        },
        {
            "nome": "Usuário Válido",
            "email": "teste1776471264663@qa.com",
            "password": "123456",
            "administrador": "true",
            "_id": "xzARo8Vh168XAAPo"
        },
        {
            "nome": "Usuário Válido",
            "email": "teste1776469039977@qa.com",
            "password": "123456",
            "administrador": "true",
            "_id": "yML7DmvaYreNn7Rf"
        },
        {
            "administrador": "true",
            "email": "reiload@gmail.com",
            "nome": "full_name",
            "password": "password",
            "_id": "yRAhUTVhUshpQogo"
        },
        {
            "nome": "Edson QA",
            "email": "teste1776472585760@qa.com",
            "password": "123456",
            "administrador": "true",
            "_id": "ygoIzkS22M7wch7C"
        },
        {
            "nome": "Usuário Válido",
            "email": "teste1776469006999@qa.com",
            "password": "123456",
            "administrador": "true",
            "_id": "yjcGhlZsJQv70Tad"
        },
        {
            "nome": "Usuário Válido",
            "email": "teste1776469550889@qa.com",
            "password": "123456",
            "administrador": "true",
            "_id": "ypQc53t0rbBJsqEZ"
        },
        {
            "nome": "Usuário Válido",
            "email": "teste1776468351872@qa.com",
            "password": "123456",
            "administrador": "true",
            "_id": "yz8oxCMjTZagVKk5"
        },
        {
            "nome": "Usuário Válido",
            "email": "teste1776469548228@qa.com",
            "password": "123456",
            "administrador": "true",
            "_id": "z3OSx8447rUhpX4H"
        }
    ]
}
HTTP/1.1 200 OK
access-control-allow-origin: *
x-dns-prefetch-control: off
x-frame-options: SAMEORIGIN
strict-transport-security: max-age=15552000; includeSubDomains
x-download-options: noopen
x-content-type-options: nosniff
x-xss-protection: 1; mode=block
content-type: application/json; charset=utf-8
x-cloud-trace-context: 686424ef962fde185c68afb86f5c815e
date: Sat, 18 Apr 2026 00:36:30 GMT
server: Google Frontend
Content-Length: 22298

{
    "quantidade": 102,
    "usuarios": [
        {
            "nome": "Usuário Válido",
            "email": "teste1776471422780@qa.com",
            "password": "123456",
            "administrador": "true",
            "_id": "0Q9DwOMlisfKGBg7"
        },
        {
            "nome": "Usuário Válido",
            "email": "teste1776471423040@qa.com",
            "password": "123456",
            "administrador": "true",
            "_id": "0u4Wck6tPUErpbW7"
        },
        {
            "nome": "Fulano da Silva",
            "email": "fulano@qa.com",
            "password": "teste",
            "administrador": "true",
            "_id": "0uxuPY0cbmQhpEz1"
        },
        {
            "nome": "Usuário Válido",
            "email": "teste1776469068323@qa.com",
            "password": "123456",
            "administrador": "true",
            "_id": "101h13DqMFCn3CWZ"
        },
        {
            "nome": "Usuário Válido",
            "email": "teste1776471419967@qa.com",
            "password": "123456",
            "administrador": "true",
            "_id": "1BSn7bX7bVfL0DO8"
        },
        {
            "nome": "Edson QA",
            "email": "teste1776469040780@qa.com",
            "password": "123456",
            "administrador": "true",
            "_id": "2MuVAFTwWV7wWH6L"
        },
        {
            "nome": "Usuário Válido",
            "email": "teste1776472163355@qa.com",
            "password": "123456",
            "administrador": "true",
            "_id": "3U47SJeD5yOAb7Kj"
        },
        {
            "nome": "Lucas",
            "email": "lucas@email.com",
            "password": "teste",
            "administrador": "true",
            "_id": "3i7Pb33T7zMi0RZD"
        },
        {
            "nome": "Edson QA",
            "email": "teste1776468349497@qa.com",
            "password": "123456",
            "administrador": "true",
            "_id": "4Mm4G15fWfgClme5"
        },
        {
            "nome": "Usuário Válido",
            "email": "teste1776470191499@qa.com",
            "password": "123456",
            "administrador": "true",
            "_id": "4XdA71q5w0bJ2kk7"
        },
        {
            "nome": "Usuário Válido",
            "email": "teste1776469099622@qa.com",
            "password": "123456",
            "administrador": "true",
            "_id": "79EKGDNYDxhgu7Tj"
        },
        {
            "nome": "Usuário Válido",
            "email": "teste1776469095565@qa.com",
            "password": "123456",
            "administrador": "true",
            "_id": "7RZjtv5M6nReWFc6"
        },
        {
            "nome": "Edson QA",
            "email": "teste1776471258477@qa.com",
            "password": "123456",
            "administrador": "true",
            "_id": "7dUx6M0b407IzIgm"
        },
        {
            "nome": "Usuário Válido",
            "email": "teste1776472584854@qa.com",
            "password": "123456",
            "administrador": "true",
            "_id": "89mr5NundJMFpXmB"
        },
        {
            "nome": "Usuário Válido",
            "email": "teste1776469810880@qa.com",
            "password": "123456",
            "administrador": "true",
            "_id": "AD49tBAyumE2MM0X"
        },
        {
            "nome": "Usuário Válido",
            "email": "teste1776468352768@qa.com",
            "password": "123456",
            "administrador": "true",
            "_id": "AjyPHwoqWusED9q7"
        },
        {
            "nome": "Usuário Válido",
            "email": "teste1776469819954@qa.com",
            "password": "123456",
            "administrador": "true",
            "_id": "AyWvlaXJ5FkQEUQ2"
        },
        {
            "administrador": "true",
            "email": "francesco.schinner@gmail.com",
            "nome": "Wilbur Stanton PhD",
            "password": "password",
            "_id": "BHupEZPFNHH7eK3M"
        },
        {
            "nome": "Usuário Válido",
            "email": "teste1776468348570@qa.com",
            "password": "123456",
            "administrador": "true",
            "_id": "BijsZgML3rj4yeI5"
        },
        {
            "nome": "Usuário Válido",
            "email": "teste1776472584072@qa.com",
            "password": "123456",
            "administrador": "true",
            "_id": "CoTqwyWQejo6lcu6"
        },
        {
            "nome": "Edson QA",
            "email": "teste1776469816432@qa.com",
            "password": "123456",
            "administrador": "true",
            "_id": "Dpc3RFGKycO4tZLZ"
        },
        {
            "nome": "Usuário Válido",
            "email": "teste1776468344252@qa.com",
            "password": "123456",
            "administrador": "true",
            "_id": "DwANXCn2nE7mLeN2"
        },
        {
            "nome": "Edson QA",
            "email": "teste1776469550495@qa.com",
            "password": "123456",
            "administrador": "true",
            "_id": "E9nxeIhi0wqgz6GX"
        },
        {
            "nome": "Usuário Válido",
            "email": "teste1776470196024@qa.com",
            "password": "123456",
            "administrador": "true",
            "_id": "ExlvzNCP1jKYrMCU"
        },
        {
            "nome": "Usuário Válido",
            "email": "teste1776472582005@qa.com",
            "password": "123456",
            "administrador": "true",
            "_id": "FeworkQ571CXIRJX"
        },
        {
            "administrador": "true",
            "email": "levi.runte@hotmail.com",
            "nome": "Kassie Crist",
            "password": "password",
            "_id": "Frou7WzkVZwQKK40"
        },
        {
            "nome": "TESTE",
            "email": "leonel.ifcs@outlook.com",
            "password": "leonel",
            "administrador": "false",
            "_id": "Fse4TmRlV65mkVrI"
        },
        {
            "nome": "Edson QA",
            "email": "teste1776469013208@qa.com",
            "password": "123456",
            "administrador": "true",
            "_id": "GCDZBuJPv60BBVeS"
        },
        {
            "nome": "Usuário Válido",
            "email": "teste1776471423325@qa.com",
            "password": "123456",
            "administrador": "true",
            "_id": "GYmThuHDplHKsv7A"
        },
        {
            "nome": "Usuário Válido",
            "email": "teste1776469069100@qa.com",
            "password": "123456",
            "administrador": "true",
            "_id": "GdNpTymVbaTBurDz"
        },
        {
            "nome": "Usuário Válido",
            "email": "teste1776468444666@qa.com",
            "password": "123456",
            "administrador": "true",
            "_id": "IAk9IWmIsdo171AW"
        },
        {
            "nome": "Usuário Válido",
            "email": "teste1776470193159@qa.com",
            "password": "123456",
            "administrador": "true",
            "_id": "IWmfQfExrg0hhKqO"
        },
        {
            "nome": "Usuário Válido",
            "email": "teste1776469546205@qa.com",
            "password": "123456",
            "administrador": "true",
            "_id": "IulwHYKsJVawr8kr"
        },
        {
            "nome": "Edson QA",
            "email": "teste1776471422644@qa.com",
            "password": "123456",
            "administrador": "true",
            "_id": "IupIcuJ2fM3SD9YL"
        },
        {
            "nome": "Usuário Válido",
            "email": "teste1776468441277@qa.com",
            "password": "123456",
            "administrador": "true",
            "_id": "J98BoKgPtJYbEr6V"
        },
        {
            "nome": "Usuário Válido",
            "email": "teste1776472161989@qa.com",
            "password": "123456",
            "administrador": "true",
            "_id": "JwsFjwypMZbFMZno"
        },
        {
            "nome": "Usuário Válido",
            "email": "teste1776468447589@qa.com",
            "password": "123456",
            "administrador": "true",
            "_id": "KD2Vt7u7FYhDIFf4"
        },
        {
            "nome": "Usuário Válido",
            "email": "teste1776470195728@qa.com",
            "password": "123456",
            "administrador": "true",
            "_id": "LhtCl04lbyveeudi"
        },
        {
            "nome": "Arnulfo",
            "email": "israel.fritsch@yahoo.com",
            "password": "v7f83ad851",
            "administrador": "true",
            "_id": "NyQRP1DykKPM9Fq9"
        },
        {
            "nome": "Usuário Válido",
            "email": "teste1776469553102@qa.com",
            "password": "123456",
            "administrador": "true",
            "_id": "OJmVcP1ZqEHXaE71"
        },
        {
            "nome": "Usuário Válido",
            "email": "teste1776472170490@qa.com",
            "password": "123456",
            "administrador": "true",
            "_id": "OWsImsGrboOkfqGL"
        },
        {
            "nome": "Usuário Válido",
            "email": "teste1776468448489@qa.com",
            "password": "123456",
            "administrador": "true",
            "_id": "P1kVErBtcyIRWos7"
        },
        {
            "nome": "Edson QA",
            "email": "teste1776469100977@qa.com",
            "password": "123456",
            "administrador": "true",
            "_id": "PWQjH1nlfwTou1Q0"
        },
        {
            "nome": "Usuário Válido",
            "email": "teste1776469554787@qa.com",
            "password": "123456",
            "administrador": "true",
            "_id": "R0bdxgtIq3aPI0ia"
        },
        {
            "nome": "Usuário Válido",
            "email": "teste1776469039202@qa.com",
            "password": "123456",
            "administrador": "true",
            "_id": "TCoJDnCG8R3dSpji"
        },
        {
            "nome": "Usuário Válido",
            "email": "teste1776469036000@qa.com",
            "password": "123456",
            "administrador": "true",
            "_id": "TEXDbZlVNfqRbaNx"
        },
        {
            "nome": "Usuário Válido",
            "email": "teste1776472157241@qa.com",
            "password": "123456",
            "administrador": "true",
            "_id": "UWp69M0yH697TO6y"
        },
        {
            "nome": "Usuário Válido",
            "email": "teste1776471418413@qa.com",
            "password": "123456",
            "administrador": "true",
            "_id": "UYWf8ZSlwhUTu1Nk"
        },
        {
            "nome": "Usuário Válido",
            "email": "teste1776472423150@qa.com",
            "password": "123456",
            "administrador": "true",
            "_id": "UbcK8dvSHkzAy6Zq"
        },
        {
            "nome": "Usuário Válido",
            "email": "teste1776468347595@qa.com",
            "password": "123456",
            "administrador": "true",
            "_id": "Vdlq6a2aIFEsnRge"
        },
        {
            "nome": "Usuário Válido",
            "email": "teste1776472412264@qa.com",
            "password": "123456",
            "administrador": "true",
            "_id": "VrHkJV7R9Lc2FScE"
        },
        {
            "nome": "Usuário Válido",
            "email": "teste1776472417007@qa.com",
            "password": "123456",
            "administrador": "true",
            "_id": "X3WeIBuVqi2uGwfi"
        },
        {
            "nome": "Usuário Válido",
            "email": "teste1776468438870@qa.com",
            "password": "123456",
            "administrador": "true",
            "_id": "YN4Ax560BnVbB7U5"
        },
        {
            "nome": "Usuário Válido",
            "email": "teste1776469012374@qa.com",
            "password": "123456",
            "administrador": "true",
            "_id": "YNmYhaItVOunzIPC"
        },
        {
            "nome": "Usuário Válido",
            "email": "teste1776471422393@qa.com",
            "password": "123456",
            "administrador": "true",
            "_id": "Z59ujzAueClXf6SJ"
        },
        {
            "nome": "Usuário Válido",
            "email": "teste1776472580035@qa.com",
            "password": "123456",
            "administrador": "true",
            "_id": "Z8b1zxFSD8lLdApe"
        },
        {
            "nome": "Usuário Válido",
            "email": "teste1776468443888@qa.com",
            "password": "123456",
            "administrador": "true",
            "_id": "Zgn9W3t7w6JyylFm"
        },
        {
            "nome": "Usuário Válido",
            "email": "teste1776472159755@qa.com",
            "password": "123456",
            "administrador": "true",
            "_id": "anV109luOD4UZT9M"
        },
        {
            "nome": "Usuário Válido",
            "email": "teste1776469011516@qa.com",
            "password": "123456",
            "administrador": "true",
            "_id": "bIzxcl0c0ZPXGxx1"
        },
        {
            "nome": "Usuário Válido",
            "email": "teste1776471254872@qa.com",
            "password": "123456",
            "administrador": "true",
            "_id": "cM2fCXuiy047gHP6"
        },
        {
            "nome": "Usuário Válido",
            "email": "teste1776469812860@qa.com",
            "password": "123456",
            "administrador": "true",
            "_id": "dBSyy8tRWlbOqhdX"
        },
        {
            "nome": "Usuário Válido",
            "email": "teste1776472424025@qa.com",
            "password": "123456",
            "administrador": "true",
            "_id": "dDV0ZLUXWiIxh21Y"
        },
        {
            "nome": "Earl Garcia",
            "email": "qbrown@example.org",
            "password": "admin",
            "administrador": "true",
            "_id": "fQL2clJIp17xBsPJ"
        },
        {
            "nome": "Usuário Válido",
            "email": "teste1776469819067@qa.com",
            "password": "123456",
            "administrador": "true",
            "_id": "foz7SoJY47oBZIjC"
        },
        {
            "nome": "Edson QA",
            "email": "teste1776468445449@qa.com",
            "password": "123456",
            "administrador": "true",
            "_id": "fsOgQNwER77JtkmD"
        },
        {
            "nome": "Usuário Válido",
            "email": "teste1776469815641@qa.com",
            "password": "123456",
            "administrador": "true",
            "_id": "g2H63jnqPqSkrBPg"
        },
        {
            "nome": "Usuário Válido",
            "email": "teste1776468338949@qa.com",
            "password": "123456",
            "administrador": "true",
            "_id": "gOmYDyB118Umjit8"
        },
        {
            "nome": "Edson QA",
            "email": "teste1776472418003@qa.com",
            "password": "123456",
            "administrador": "true",
            "_id": "hnHTPHONcyiiEeKK"
        },
        {
            "nome": "Usuário Válido",
            "email": "teste1776472169027@qa.com",
            "password": "123456",
            "administrador": "true",
            "_id": "i4FuxOfNsyxgZfQT"
        },
        {
            "nome": "Usuário Válido",
            "email": "teste1776470195323@qa.com",
            "password": "123456",
            "administrador": "true",
            "_id": "iQBp6pnD8iGMBDRv"
        },
        {
            "nome": "Usuário Válido",
            "email": "teste1776469552228@qa.com",
            "password": "123456",
            "administrador": "true",
            "_id": "iY1Dm0gZ3gEWdtJt"
        },
        {
            "nome": "Usuário Válido",
            "email": "teste1776469814894@qa.com",
            "password": "123456",
            "administrador": "true",
            "_id": "jWhzhAQmaHAtjSyS"
        },
        {
            "nome": "Usuário Válido",
            "email": "teste1776472416201@qa.com",
            "password": "123456",
            "administrador": "true",
            "_id": "jnqgxYraOYs4acwK"
        },
        {
            "nome": "Usuário Válido",
            "email": "teste1776471257575@qa.com",
            "password": "123456",
            "administrador": "true",
            "_id": "kWF3dXCLWBpPbnJG"
        },
        {
            "nome": "Usuário Válido",
            "email": "teste1776469065305@qa.com",
            "password": "123456",
            "administrador": "true",
            "_id": "krLz8TC2XDNeGfLA"
        },
        {
            "nome": "Edson QA",
            "email": "teste1776470195594@qa.com",
            "password": "123456",
            "administrador": "true",
            "_id": "krUxccv5PWVPTzzW"
        },
        {
            "nome": "Usuário Válido",
            "email": "teste1776469549127@qa.com",
            "password": "123456",
            "administrador": "true",
            "_id": "mWmeRBAU1fCBzqTo"
        },
        {
            "nome": "Usuário Válido",
            "email": "teste1776471256789@qa.com",
            "password": "123456",
            "administrador": "true",
            "_id": "mWubWGFAicph6sVK"
        },
        {
            "nome": "Usuário Válido",
            "email": "teste1776469544247@qa.com",
            "password": "123456",
            "administrador": "true",
            "_id": "mhqgHRbLI0aWM0lj"
        },
        {
            "nome": "Usuário Válido",
            "email": "teste1776470195069@qa.com",
            "password": "123456",
            "administrador": "true",
            "_id": "p0hGCMvHxDNRKueC"
        },
        {
            "password": "teste",
            "administrador": "true",
            "nome": "Fulano Testes Tres",
            "email": "fulanoteste3@qa.com.br",
            "_id": "pDOIU1Eaqz35OktU"
        },
        {
            "nome": "Usuário Válido",
            "email": "teste1776472168104@qa.com",
            "password": "123456",
            "administrador": "true",
            "_id": "pR5cVnzkRlfP5fhT"
        },
        {
            "administrador": "true",
            "email": "carl.simonis@gmail.com",
            "nome": "Mrs. Donovan Robel",
            "password": "password",
            "_id": "qk2ZeYtAxaaR48R9"
        },
        {
            "nome": "Usuário Válido",
            "email": "teste1776471252229@qa.com",
            "password": "123456",
            "administrador": "true",
            "_id": "qu5XB2AHBLBIFeBZ"
        },
        {
            "nome": "Edson QA",
            "email": "teste1776469069895@qa.com",
            "password": "123456",
            "administrador": "true",
            "_id": "qwAssKhnv7DOn1kH"
        },
        {
            "nome": "Usuário Válido",
            "email": "teste1776472414151@qa.com",
            "password": "123456",
            "administrador": "true",
            "_id": "rg0JIdoCxKv6NNiv"
        },
        {
            "nome": "Edson QA",
            "email": "teste1776472164143@qa.com",
            "password": "123456",
            "administrador": "true",
            "_id": "t1KkUKnloos6Bm9B"
        },
        {
            "nome": "Usuário Válido",
            "email": "teste1776471263253@qa.com",
            "password": "123456",
            "administrador": "true",
            "_id": "thVX9JFQwxbqUC8H"
        },
        {
            "nome": "Usuário Válido",
            "email": "teste1776471262418@qa.com",
            "password": "123456",
            "administrador": "true",
            "_id": "uA1fxYPbaNUlmVRN"
        },
        {
            "nome": "Usuário Válido",
            "email": "teste1776471422160@qa.com",
            "password": "123456",
            "administrador": "true",
            "_id": "uITR5KWwNa8yRMKb"
        },
        {
            "nome": "Usuário Válido",
            "email": "teste1776469098841@qa.com",
            "password": "123456",
            "administrador": "true",
            "_id": "ue1FoIpp8lMcnGwU"
        },
        {
            "nome": "Usuário Válido",
            "email": "teste1776469553903@qa.com",
            "password": "123456",
            "administrador": "true",
            "_id": "ujtx4X1PYR4rIetv"
        },
        {
            "nome": "Usuário Válido",
            "email": "teste1776472589355@qa.com",
            "password": "123456",
            "administrador": "true",
            "_id": "vQ3gr31SrgTffir8"
        },
        {
            "nome": "Usuário Válido",
            "email": "teste1776472422194@qa.com",
            "password": "123456",
            "administrador": "true",
            "_id": "vRV0sdTSj1Y0H6Ud"
        },
        {
            "nome": "Usuário Válido",
            "email": "teste1776471264663@qa.com",
            "password": "123456",
            "administrador": "true",
            "_id": "xzARo8Vh168XAAPo"
        },
        {
            "nome": "Usuário Válido",
            "email": "teste1776469039977@qa.com",
            "password": "123456",
            "administrador": "true",
            "_id": "yML7DmvaYreNn7Rf"
        },
        {
            "administrador": "true",
            "email": "reiload@gmail.com",
            "nome": "full_name",
            "password": "password",
            "_id": "yRAhUTVhUshpQogo"
        },
        {
            "nome": "Edson QA",
            "email": "teste1776472585760@qa.com",
            "password": "123456",
            "administrador": "true",
            "_id": "ygoIzkS22M7wch7C"
        },
        {
            "nome": "Usuário Válido",
            "email": "teste1776469006999@qa.com",
            "password": "123456",
            "administrador": "true",
            "_id": "yjcGhlZsJQv70Tad"
        },
        {
            "nome": "Usuário Válido",
            "email": "teste1776469550889@qa.com",
            "password": "123456",
            "administrador": "true",
            "_id": "ypQc53t0rbBJsqEZ"
        },
        {
            "nome": "Usuário Válido",
            "email": "teste1776468351872@qa.com",
            "password": "123456",
            "administrador": "true",
            "_id": "yz8oxCMjTZagVKk5"
        },
        {
            "nome": "Usuário Válido",
            "email": "teste1776469548228@qa.com",
            "password": "123456",
            "administrador": "true",
            "_id": "z3OSx8447rUhpX4H"
        }
    ]
}
HTTP/1.1 200 OK
access-control-allow-origin: *
x-dns-prefetch-control: off
x-frame-options: SAMEORIGIN
strict-transport-security: max-age=15552000; includeSubDomains
x-download-options: noopen
x-content-type-options: nosniff
x-xss-protection: 1; mode=block
content-type: application/json; charset=utf-8
x-cloud-trace-context: 686424ef962fde185c68afb86f5c815e
date: Sat, 18 Apr 2026 00:36:30 GMT
server: Google Frontend
Content-Length: 22298

{
    "quantidade": 102,
    "usuarios": [
        {
            "nome": "Usuário Válido",
            "email": "teste1776471422780@qa.com",
            "password": "123456",
            "administrador": "true",
            "_id": "0Q9DwOMlisfKGBg7"
        },
        {
            "nome": "Usuário Válido",
            "email": "teste1776471423040@qa.com",
            "password": "123456",
            "administrador": "true",
            "_id": "0u4Wck6tPUErpbW7"
        },
        {
            "nome": "Fulano da Silva",
            "email": "fulano@qa.com",
            "password": "teste",
            "administrador": "true",
            "_id": "0uxuPY0cbmQhpEz1"
        },
        {
            "nome": "Usuário Válido",
            "email": "teste1776469068323@qa.com",
            "password": "123456",
            "administrador": "true",
            "_id": "101h13DqMFCn3CWZ"
        },
        {
            "nome": "Usuário Válido",
            "email": "teste1776471419967@qa.com",
            "password": "123456",
            "administrador": "true",
            "_id": "1BSn7bX7bVfL0DO8"
        },
        {
            "nome": "Edson QA",
            "email": "teste1776469040780@qa.com",
            "password": "123456",
            "administrador": "true",
            "_id": "2MuVAFTwWV7wWH6L"
        },
        {
            "nome": "Usuário Válido",
            "email": "teste1776472163355@qa.com",
            "password": "123456",
            "administrador": "true",
            "_id": "3U47SJeD5yOAb7Kj"
        },
        {
            "nome": "Lucas",
            "email": "lucas@email.com",
            "password": "teste",
            "administrador": "true",
            "_id": "3i7Pb33T7zMi0RZD"
        },
        {
            "nome": "Edson QA",
            "email": "teste1776468349497@qa.com",
            "password": "123456",
            "administrador": "true",
            "_id": "4Mm4G15fWfgClme5"
        },
        {
            "nome": "Usuário Válido",
            "email": "teste1776470191499@qa.com",
            "password": "123456",
            "administrador": "true",
            "_id": "4XdA71q5w0bJ2kk7"
        },
        {
            "nome": "Usuário Válido",
            "email": "teste1776469099622@qa.com",
            "password": "123456",
            "administrador": "true",
            "_id": "79EKGDNYDxhgu7Tj"
        },
        {
            "nome": "Usuário Válido",
            "email": "teste1776469095565@qa.com",
            "password": "123456",
            "administrador": "true",
            "_id": "7RZjtv5M6nReWFc6"
        },
        {
            "nome": "Edson QA",
            "email": "teste1776471258477@qa.com",
            "password": "123456",
            "administrador": "true",
            "_id": "7dUx6M0b407IzIgm"
        },
        {
            "nome": "Usuário Válido",
            "email": "teste1776472584854@qa.com",
            "password": "123456",
            "administrador": "true",
            "_id": "89mr5NundJMFpXmB"
        },
        {
            "nome": "Usuário Válido",
            "email": "teste1776469810880@qa.com",
            "password": "123456",
            "administrador": "true",
            "_id": "AD49tBAyumE2MM0X"
        },
        {
            "nome": "Usuário Válido",
            "email": "teste1776468352768@qa.com",
            "password": "123456",
            "administrador": "true",
            "_id": "AjyPHwoqWusED9q7"
        },
        {
            "nome": "Usuário Válido",
            "email": "teste1776469819954@qa.com",
            "password": "123456",
            "administrador": "true",
            "_id": "AyWvlaXJ5FkQEUQ2"
        },
        {
            "administrador": "true",
            "email": "francesco.schinner@gmail.com",
            "nome": "Wilbur Stanton PhD",
            "password": "password",
            "_id": "BHupEZPFNHH7eK3M"
        },
        {
            "nome": "Usuário Válido",
            "email": "teste1776468348570@qa.com",
            "password": "123456",
            "administrador": "true",
            "_id": "BijsZgML3rj4yeI5"
        },
        {
            "nome": "Usuário Válido",
            "email": "teste1776472584072@qa.com",
            "password": "123456",
            "administrador": "true",
            "_id": "CoTqwyWQejo6lcu6"
        },
        {
            "nome": "Edson QA",
            "email": "teste1776469816432@qa.com",
            "password": "123456",
            "administrador": "true",
            "_id": "Dpc3RFGKycO4tZLZ"
        },
        {
            "nome": "Usuário Válido",
            "email": "teste1776468344252@qa.com",
            "password": "123456",
            "administrador": "true",
            "_id": "DwANXCn2nE7mLeN2"
        },
        {
            "nome": "Edson QA",
            "email": "teste1776469550495@qa.com",
            "password": "123456",
            "administrador": "true",
            "_id": "E9nxeIhi0wqgz6GX"
        },
        {
            "nome": "Usuário Válido",
            "email": "teste1776470196024@qa.com",
            "password": "123456",
            "administrador": "true",
            "_id": "ExlvzNCP1jKYrMCU"
        },
        {
            "nome": "Usuário Válido",
            "email": "teste1776472582005@qa.com",
            "password": "123456",
            "administrador": "true",
            "_id": "FeworkQ571CXIRJX"
        },
        {
            "administrador": "true",
            "email": "levi.runte@hotmail.com",
            "nome": "Kassie Crist",
            "password": "password",
            "_id": "Frou7WzkVZwQKK40"
        },
        {
            "nome": "TESTE",
            "email": "leonel.ifcs@outlook.com",
            "password": "leonel",
            "administrador": "false",
            "_id": "Fse4TmRlV65mkVrI"
        },
        {
            "nome": "Edson QA",
            "email": "teste1776469013208@qa.com",
            "password": "123456",
            "administrador": "true",
            "_id": "GCDZBuJPv60BBVeS"
        },
        {
            "nome": "Usuário Válido",
            "email": "teste1776471423325@qa.com",
            "password": "123456",
            "administrador": "true",
            "_id": "GYmThuHDplHKsv7A"
        },
        {
            "nome": "Usuário Válido",
            "email": "teste1776469069100@qa.com",
            "password": "123456",
            "administrador": "true",
            "_id": "GdNpTymVbaTBurDz"
        },
        {
            "nome": "Usuário Válido",
            "email": "teste1776468444666@qa.com",
            "password": "123456",
            "administrador": "true",
            "_id": "IAk9IWmIsdo171AW"
        },
        {
            "nome": "Usuário Válido",
            "email": "teste1776470193159@qa.com",
            "password": "123456",
            "administrador": "true",
            "_id": "IWmfQfExrg0hhKqO"
        },
        {
            "nome": "Usuário Válido",
            "email": "teste1776469546205@qa.com",
            "password": "123456",
            "administrador": "true",
            "_id": "IulwHYKsJVawr8kr"
        },
        {
            "nome": "Edson QA",
            "email": "teste1776471422644@qa.com",
            "password": "123456",
            "administrador": "true",
            "_id": "IupIcuJ2fM3SD9YL"
        },
        {
            "nome": "Usuário Válido",
            "email": "teste1776468441277@qa.com",
            "password": "123456",
            "administrador": "true",
            "_id": "J98BoKgPtJYbEr6V"
        },
        {
            "nome": "Usuário Válido",
            "email": "teste1776472161989@qa.com",
            "password": "123456",
            "administrador": "true",
            "_id": "JwsFjwypMZbFMZno"
        },
        {
            "nome": "Usuário Válido",
            "email": "teste1776468447589@qa.com",
            "password": "123456",
            "administrador": "true",
            "_id": "KD2Vt7u7FYhDIFf4"
        },
        {
            "nome": "Usuário Válido",
            "email": "teste1776470195728@qa.com",
            "password": "123456",
            "administrador": "true",
            "_id": "LhtCl04lbyveeudi"
        },
        {
            "nome": "Arnulfo",
            "email": "israel.fritsch@yahoo.com",
            "password": "v7f83ad851",
            "administrador": "true",
            "_id": "NyQRP1DykKPM9Fq9"
        },
        {
            "nome": "Usuário Válido",
            "email": "teste1776469553102@qa.com",
            "password": "123456",
            "administrador": "true",
            "_id": "OJmVcP1ZqEHXaE71"
        },
        {
            "nome": "Usuário Válido",
            "email": "teste1776472170490@qa.com",
            "password": "123456",
            "administrador": "true",
            "_id": "OWsImsGrboOkfqGL"
        },
        {
            "nome": "Usuário Válido",
            "email": "teste1776468448489@qa.com",
            "password": "123456",
            "administrador": "true",
            "_id": "P1kVErBtcyIRWos7"
        },
        {
            "nome": "Edson QA",
            "email": "teste1776469100977@qa.com",
            "password": "123456",
            "administrador": "true",
            "_id": "PWQjH1nlfwTou1Q0"
        },
        {
            "nome": "Usuário Válido",
            "email": "teste1776469554787@qa.com",
            "password": "123456",
            "administrador": "true",
            "_id": "R0bdxgtIq3aPI0ia"
        },
        {
            "nome": "Usuário Válido",
            "email": "teste1776469039202@qa.com",
            "password": "123456",
            "administrador": "true",
            "_id": "TCoJDnCG8R3dSpji"
        },
        {
            "nome": "Usuário Válido",
            "email": "teste1776469036000@qa.com",
            "password": "123456",
            "administrador": "true",
            "_id": "TEXDbZlVNfqRbaNx"
        },
        {
            "nome": "Usuário Válido",
            "email": "teste1776472157241@qa.com",
            "password": "123456",
            "administrador": "true",
            "_id": "UWp69M0yH697TO6y"
        },
        {
            "nome": "Usuário Válido",
            "email": "teste1776471418413@qa.com",
            "password": "123456",
            "administrador": "true",
            "_id": "UYWf8ZSlwhUTu1Nk"
        },
        {
            "nome": "Usuário Válido",
            "email": "teste1776472423150@qa.com",
            "password": "123456",
            "administrador": "true",
            "_id": "UbcK8dvSHkzAy6Zq"
        },
        {
            "nome": "Usuário Válido",
            "email": "teste1776468347595@qa.com",
            "password": "123456",
            "administrador": "true",
            "_id": "Vdlq6a2aIFEsnRge"
        },
        {
            "nome": "Usuário Válido",
            "email": "teste1776472412264@qa.com",
            "password": "123456",
            "administrador": "true",
            "_id": "VrHkJV7R9Lc2FScE"
        },
        {
            "nome": "Usuário Válido",
            "email": "teste1776472417007@qa.com",
            "password": "123456",
            "administrador": "true",
            "_id": "X3WeIBuVqi2uGwfi"
        },
        {
            "nome": "Usuário Válido",
            "email": "teste1776468438870@qa.com",
            "password": "123456",
            "administrador": "true",
            "_id": "YN4Ax560BnVbB7U5"
        },
        {
            "nome": "Usuário Válido",
            "email": "teste1776469012374@qa.com",
            "password": "123456",
            "administrador": "true",
            "_id": "YNmYhaItVOunzIPC"
        },
        {
            "nome": "Usuário Válido",
            "email": "teste1776471422393@qa.com",
            "password": "123456",
            "administrador": "true",
            "_id": "Z59ujzAueClXf6SJ"
        },
        {
            "nome": "Usuário Válido",
            "email": "teste1776472580035@qa.com",
            "password": "123456",
            "administrador": "true",
            "_id": "Z8b1zxFSD8lLdApe"
        },
        {
            "nome": "Usuário Válido",
            "email": "teste1776468443888@qa.com",
            "password": "123456",
            "administrador": "true",
            "_id": "Zgn9W3t7w6JyylFm"
        },
        {
            "nome": "Usuário Válido",
            "email": "teste1776472159755@qa.com",
            "password": "123456",
            "administrador": "true",
            "_id": "anV109luOD4UZT9M"
        },
        {
            "nome": "Usuário Válido",
            "email": "teste1776469011516@qa.com",
            "password": "123456",
            "administrador": "true",
            "_id": "bIzxcl0c0ZPXGxx1"
        },
        {
            "nome": "Usuário Válido",
            "email": "teste1776471254872@qa.com",
            "password": "123456",
            "administrador": "true",
            "_id": "cM2fCXuiy047gHP6"
        },
        {
            "nome": "Usuário Válido",
            "email": "teste1776469812860@qa.com",
            "password": "123456",
            "administrador": "true",
            "_id": "dBSyy8tRWlbOqhdX"
        },
        {
            "nome": "Usuário Válido",
            "email": "teste1776472424025@qa.com",
            "password": "123456",
            "administrador": "true",
            "_id": "dDV0ZLUXWiIxh21Y"
        },
        {
            "nome": "Earl Garcia",
            "email": "qbrown@example.org",
            "password": "admin",
            "administrador": "true",
            "_id": "fQL2clJIp17xBsPJ"
        },
        {
            "nome": "Usuário Válido",
            "email": "teste1776469819067@qa.com",
            "password": "123456",
            "administrador": "true",
            "_id": "foz7SoJY47oBZIjC"
        },
        {
            "nome": "Edson QA",
            "email": "teste1776468445449@qa.com",
            "password": "123456",
            "administrador": "true",
            "_id": "fsOgQNwER77JtkmD"
        },
        {
            "nome": "Usuário Válido",
            "email": "teste1776469815641@qa.com",
            "password": "123456",
            "administrador": "true",
            "_id": "g2H63jnqPqSkrBPg"
        },
        {
            "nome": "Usuário Válido",
            "email": "teste1776468338949@qa.com",
            "password": "123456",
            "administrador": "true",
            "_id": "gOmYDyB118Umjit8"
        },
        {
            "nome": "Edson QA",
            "email": "teste1776472418003@qa.com",
            "password": "123456",
            "administrador": "true",
            "_id": "hnHTPHONcyiiEeKK"
        },
        {
            "nome": "Usuário Válido",
            "email": "teste1776472169027@qa.com",
            "password": "123456",
            "administrador": "true",
            "_id": "i4FuxOfNsyxgZfQT"
        },
        {
            "nome": "Usuário Válido",
            "email": "teste1776470195323@qa.com",
            "password": "123456",
            "administrador": "true",
            "_id": "iQBp6pnD8iGMBDRv"
        },
        {
            "nome": "Usuário Válido",
            "email": "teste1776469552228@qa.com",
            "password": "123456",
            "administrador": "true",
            "_id": "iY1Dm0gZ3gEWdtJt"
        },
        {
            "nome": "Usuário Válido",
            "email": "teste1776469814894@qa.com",
            "password": "123456",
            "administrador": "true",
            "_id": "jWhzhAQmaHAtjSyS"
        },
        {
            "nome": "Usuário Válido",
            "email": "teste1776472416201@qa.com",
            "password": "123456",
            "administrador": "true",
            "_id": "jnqgxYraOYs4acwK"
        },
        {
            "nome": "Usuário Válido",
            "email": "teste1776471257575@qa.com",
            "password": "123456",
            "administrador": "true",
            "_id": "kWF3dXCLWBpPbnJG"
        },
        {
            "nome": "Usuário Válido",
            "email": "teste1776469065305@qa.com",
            "password": "123456",
            "administrador": "true",
            "_id": "krLz8TC2XDNeGfLA"
        },
        {
            "nome": "Edson QA",
            "email": "teste1776470195594@qa.com",
            "password": "123456",
            "administrador": "true",
            "_id": "krUxccv5PWVPTzzW"
        },
        {
            "nome": "Usuário Válido",
            "email": "teste1776469549127@qa.com",
            "password": "123456",
            "administrador": "true",
            "_id": "mWmeRBAU1fCBzqTo"
        },
        {
            "nome": "Usuário Válido",
            "email": "teste1776471256789@qa.com",
            "password": "123456",
            "administrador": "true",
            "_id": "mWubWGFAicph6sVK"
        },
        {
            "nome": "Usuário Válido",
            "email": "teste1776469544247@qa.com",
            "password": "123456",
            "administrador": "true",
            "_id": "mhqgHRbLI0aWM0lj"
        },
        {
            "nome": "Usuário Válido",
            "email": "teste1776470195069@qa.com",
            "password": "123456",
            "administrador": "true",
            "_id": "p0hGCMvHxDNRKueC"
        },
        {
            "password": "teste",
            "administrador": "true",
            "nome": "Fulano Testes Tres",
            "email": "fulanoteste3@qa.com.br",
            "_id": "pDOIU1Eaqz35OktU"
        },
        {
            "nome": "Usuário Válido",
            "email": "teste1776472168104@qa.com",
            "password": "123456",
            "administrador": "true",
            "_id": "pR5cVnzkRlfP5fhT"
        },
        {
            "administrador": "true",
            "email": "carl.simonis@gmail.com",
            "nome": "Mrs. Donovan Robel",
            "password": "password",
            "_id": "qk2ZeYtAxaaR48R9"
        },
        {
            "nome": "Usuário Válido",
            "email": "teste1776471252229@qa.com",
            "password": "123456",
            "administrador": "true",
            "_id": "qu5XB2AHBLBIFeBZ"
        },
        {
            "nome": "Edson QA",
            "email": "teste1776469069895@qa.com",
            "password": "123456",
            "administrador": "true",
            "_id": "qwAssKhnv7DOn1kH"
        },
        {
            "nome": "Usuário Válido",
            "email": "teste1776472414151@qa.com",
            "password": "123456",
            "administrador": "true",
            "_id": "rg0JIdoCxKv6NNiv"
        },
        {
            "nome": "Edson QA",
            "email": "teste1776472164143@qa.com",
            "password": "123456",
            "administrador": "true",
            "_id": "t1KkUKnloos6Bm9B"
        },
        {
            "nome": "Usuário Válido",
            "email": "teste1776471263253@qa.com",
            "password": "123456",
            "administrador": "true",
            "_id": "thVX9JFQwxbqUC8H"
        },
        {
            "nome": "Usuário Válido",
            "email": "teste1776471262418@qa.com",
            "password": "123456",
            "administrador": "true",
            "_id": "uA1fxYPbaNUlmVRN"
        },
        {
            "nome": "Usuário Válido",
            "email": "teste1776471422160@qa.com",
            "password": "123456",
            "administrador": "true",
            "_id": "uITR5KWwNa8yRMKb"
        },
        {
            "nome": "Usuário Válido",
            "email": "teste1776469098841@qa.com",
            "password": "123456",
            "administrador": "true",
            "_id": "ue1FoIpp8lMcnGwU"
        },
        {
            "nome": "Usuário Válido",
            "email": "teste1776469553903@qa.com",
            "password": "123456",
            "administrador": "true",
            "_id": "ujtx4X1PYR4rIetv"
        },
        {
            "nome": "Usuário Válido",
            "email": "teste1776472589355@qa.com",
            "password": "123456",
            "administrador": "true",
            "_id": "vQ3gr31SrgTffir8"
        },
        {
            "nome": "Usuário Válido",
            "email": "teste1776472422194@qa.com",
            "password": "123456",
            "administrador": "true",
            "_id": "vRV0sdTSj1Y0H6Ud"
        },
        {
            "nome": "Usuário Válido",
            "email": "teste1776471264663@qa.com",
            "password": "123456",
            "administrador": "true",
            "_id": "xzARo8Vh168XAAPo"
        },
        {
            "nome": "Usuário Válido",
            "email": "teste1776469039977@qa.com",
            "password": "123456",
            "administrador": "true",
            "_id": "yML7DmvaYreNn7Rf"
        },
        {
            "administrador": "true",
            "email": "reiload@gmail.com",
            "nome": "full_name",
            "password": "password",
            "_id": "yRAhUTVhUshpQogo"
        },
        {
            "nome": "Edson QA",
            "email": "teste1776472585760@qa.com",
            "password": "123456",
            "administrador": "true",
            "_id": "ygoIzkS22M7wch7C"
        },
        {
            "nome": "Usuário Válido",
            "email": "teste1776469006999@qa.com",
            "password": "123456",
            "administrador": "true",
            "_id": "yjcGhlZsJQv70Tad"
        },
        {
            "nome": "Usuário Válido",
            "email": "teste1776469550889@qa.com",
            "password": "123456",
            "administrador": "true",
            "_id": "ypQc53t0rbBJsqEZ"
        },
        {
            "nome": "Usuário Válido",
            "email": "teste1776468351872@qa.com",
            "password": "123456",
            "administrador": "true",
            "_id": "yz8oxCMjTZagVKk5"
        },
        {
            "nome": "Usuário Válido",
            "email": "teste1776469548228@qa.com",
            "password": "123456",
            "administrador": "true",
            "_id": "z3OSx8447rUhpX4H"
        }
    ]
}
HTTP/1.1 200 OK
access-control-allow-origin: *
x-dns-prefetch-control: off
x-frame-options: SAMEORIGIN
strict-transport-security: max-age=15552000; includeSubDomains
x-download-options: noopen
x-content-type-options: nosniff
x-xss-protection: 1; mode=block
content-type: application/json; charset=utf-8
x-cloud-trace-context: 686424ef962fde185c68afb86f5c815e
date: Sat, 18 Apr 2026 00:36:30 GMT
server: Google Frontend
Content-Length: 22298

{
    "quantidade": 102,
    "usuarios": [
        {
            "nome": "Usuário Válido",
            "email": "teste1776471422780@qa.com",
            "password": "123456",
            "administrador": "true",
            "_id": "0Q9DwOMlisfKGBg7"
        },
        {
            "nome": "Usuário Válido",
            "email": "teste1776471423040@qa.com",
            "password": "123456",
            "administrador": "true",
            "_id": "0u4Wck6tPUErpbW7"
        },
        {
            "nome": "Fulano da Silva",
            "email": "fulano@qa.com",
            "password": "teste",
            "administrador": "true",
            "_id": "0uxuPY0cbmQhpEz1"
        },
        {
            "nome": "Usuário Válido",
            "email": "teste1776469068323@qa.com",
            "password": "123456",
            "administrador": "true",
            "_id": "101h13DqMFCn3CWZ"
        },
        {
            "nome": "Usuário Válido",
            "email": "teste1776471419967@qa.com",
            "password": "123456",
            "administrador": "true",
            "_id": "1BSn7bX7bVfL0DO8"
        },
        {
            "nome": "Edson QA",
            "email": "teste1776469040780@qa.com",
            "password": "123456",
            "administrador": "true",
            "_id": "2MuVAFTwWV7wWH6L"
        },
        {
            "nome": "Usuário Válido",
            "email": "teste1776472163355@qa.com",
            "password": "123456",
            "administrador": "true",
            "_id": "3U47SJeD5yOAb7Kj"
        },
        {
            "nome": "Lucas",
            "email": "lucas@email.com",
            "password": "teste",
            "administrador": "true",
            "_id": "3i7Pb33T7zMi0RZD"
        },
        {
            "nome": "Edson QA",
            "email": "teste1776468349497@qa.com",
            "password": "123456",
            "administrador": "true",
            "_id": "4Mm4G15fWfgClme5"
        },
        {
            "nome": "Usuário Válido",
            "email": "teste1776470191499@qa.com",
            "password": "123456",
            "administrador": "true",
            "_id": "4XdA71q5w0bJ2kk7"
        },
        {
            "nome": "Usuário Válido",
            "email": "teste1776469099622@qa.com",
            "password": "123456",
            "administrador": "true",
            "_id": "79EKGDNYDxhgu7Tj"
        },
        {
            "nome": "Usuário Válido",
            "email": "teste1776469095565@qa.com",
            "password": "123456",
            "administrador": "true",
            "_id": "7RZjtv5M6nReWFc6"
        },
        {
            "nome": "Edson QA",
            "email": "teste1776471258477@qa.com",
            "password": "123456",
            "administrador": "true",
            "_id": "7dUx6M0b407IzIgm"
        },
        {
            "nome": "Usuário Válido",
            "email": "teste1776472584854@qa.com",
            "password": "123456",
            "administrador": "true",
            "_id": "89mr5NundJMFpXmB"
        },
        {
            "nome": "Usuário Válido",
            "email": "teste1776469810880@qa.com",
            "password": "123456",
            "administrador": "true",
[...]
            "nome": "Edson QA",
            "email": "teste1776471258477@qa.com",
            "password": "123456",
            "administrador": "true",
            "_id": "7dUx6M0b407IzIgm"
        },
        {
            "nome": "Usuário Válido",
            "email": "teste1776472584854@qa.com",
            "password": "123456",
            "administrador": "true",
            "_id": "89mr5NundJMFpXmB"
        },
        {
            "nome": "Usuário Válido",
            "email": "teste1776472590490@qa.com",
            "password": "123456",
            "administrador": "true",
            "_id": "8Nn4pcVJDW4hve7S"
        },
        {
            "nome": "Usuário Válido",
            "email": "teste1776469810880@qa.com",
            "password": "123456",
            "administrador": "true",
            "_id": "AD49tBAyumE2MM0X"
        },
        {
            "nome": "Usuário Válido",
            "email": "teste1776468352768@qa.com",
            "password": "123456",
            "administrador": "true",
            "_id": "AjyPHwoqWusED9q7"
        },
        {
            "nome": "Usuário Válido",
            "email": "teste1776469819954@qa.com",
            "password": "123456",
            "administrador": "true",
            "_id": "AyWvlaXJ5FkQEUQ2"
        },
        {
            "administrador": "true",
            "email": "francesco.schinner@gmail.com",
            "nome": "Wilbur Stanton PhD",
            "password": "password",
            "_id": "BHupEZPFNHH7eK3M"
        },
        {
            "nome": "Usuário Válido",
            "email": "teste1776468348570@qa.com",
            "password": "123456",
            "administrador": "true",
            "_id": "BijsZgML3rj4yeI5"
        },
        {
            "nome": "Usuário Válido",
            "email": "teste1776472584072@qa.com",
            "password": "123456",
            "administrador": "true",
            "_id": "CoTqwyWQejo6lcu6"
        },
        {
            "nome": "Edson QA",
            "email": "teste1776469816432@qa.com",
            "password": "123456",
            "administrador": "true",
            "_id": "Dpc3RFGKycO4tZLZ"
        },
        {
            "nome": "Usuário Válido",
            "email": "teste1776468344252@qa.com",
            "password": "123456",
            "administrador": "true",
            "_id": "DwANXCn2nE7mLeN2"
        },
        {
            "nome": "Edson QA",
            "email": "teste1776469550495@qa.com",
            "password": "123456",
            "administrador": "true",
            "_id": "E9nxeIhi0wqgz6GX"
        },
        {
            "nome": "Usuário Válido",
            "email": "teste1776470196024@qa.com",
            "password": "123456",
            "administrador": "true",
            "_id": "ExlvzNCP1jKYrMCU"
        },
        {
            "nome": "Usuário Válido",
            "email": "teste1776472582005@qa.com",
            "password": "123456",
            "administrador": "true",
            "_id": "FeworkQ571CXIRJX"
        },
        {
            "administrador": "true",
            "email": "levi.runte@hotmail.com",
            "nome": "Kassie Crist",
            "password": "password",
            "_id": "Frou7WzkVZwQKK40"
        },
        {
            "nome": "TESTE",
            "email": "leonel.ifcs@outlook.com",
            "password": "leonel",
            "administrador": "false",
            "_id": "Fse4TmRlV65mkVrI"
        },
        {
            "nome": "Edson QA",
            "email": "teste1776469013208@qa.com",
            "password": "123456",
            "administrador": "true",
            "_id": "GCDZBuJPv60BBVeS"
        },
        {
            "nome": "Usuário Válido",
            "email": "teste1776471423325@qa.com",
            "password": "123456",
            "administrador": "true",
            "_id": "GYmThuHDplHKsv7A"
        },
        {
            "nome": "Usuário Válido",
            "email": "teste1776469069100@qa.com",
            "password": "123456",
            "administrador": "true",
            "_id": "GdNpTymVbaTBurDz"
        },
        {
            "nome": "Usuário Válido",
            "email": "teste1776468444666@qa.com",
            "password": "123456",
            "administrador": "true",
            "_id": "IAk9IWmIsdo171AW"
        },
        {
            "nome": "Usuário Válido",
            "email": "teste1776470193159@qa.com",
            "password": "123456",
            "administrador": "true",
            "_id": "IWmfQfExrg0hhKqO"
        },
        {
            "nome": "Usuário Válido",
            "email": "teste1776469546205@qa.com",
            "password": "123456",
            "administrador": "true",
            "_id": "IulwHYKsJVawr8kr"
        },
        {
            "nome": "Edson QA",
            "email": "teste1776471422644@qa.com",
            "password": "123456",
            "administrador": "true",
            "_id": "IupIcuJ2fM3SD9YL"
        },
        {
            "nome": "Usuário Válido",
            "email": "teste1776468441277@qa.com",
            "password": "123456",
            "administrador": "true",
            "_id": "J98BoKgPtJYbEr6V"
        },
        {
            "nome": "Usuário Válido",
            "email": "teste1776472161989@qa.com",
            "password": "123456",
            "administrador": "true",
            "_id": "JwsFjwypMZbFMZno"
        },
        {
            "nome": "Usuário Válido",
            "email": "teste1776468447589@qa.com",
            "password": "123456",
            "administrador": "true",
            "_id": "KD2Vt7u7FYhDIFf4"
        },
        {
            "nome": "Usuário Válido",
            "email": "teste1776470195728@qa.com",
            "password": "123456",
            "administrador": "true",
            "_id": "LhtCl04lbyveeudi"
        },
        {
            "nome": "Arnulfo",
            "email": "israel.fritsch@yahoo.com",
            "password": "v7f83ad851",
            "administrador": "true",
            "_id": "NyQRP1DykKPM9Fq9"
        },
        {
            "nome": "Usuário Válido",
            "email": "teste1776469553102@qa.com",
            "password": "123456",
            "administrador": "true",
            "_id": "OJmVcP1ZqEHXaE71"
        },
        {
            "nome": "Usuário Válido",
            "email": "teste1776472170490@qa.com",
            "password": "123456",
            "administrador": "true",
            "_id": "OWsImsGrboOkfqGL"
        },
        {
            "nome": "Usuário Válido",
            "email": "teste1776468448489@qa.com",
            "password": "123456",
            "administrador": "true",
            "_id": "P1kVErBtcyIRWos7"
        },
        {
            "nome": "Edson QA",
            "email": "teste1776469100977@qa.com",
            "password": "123456",
            "administrador": "true",
            "_id": "PWQjH1nlfwTou1Q0"
        },
        {
            "nome": "Usuário Válido",
            "email": "teste1776469554787@qa.com",
            "password": "123456",
            "administrador": "true",
            "_id": "R0bdxgtIq3aPI0ia"
        },
        {
            "nome": "Usuário Válido",
            "email": "teste1776469039202@qa.com",
            "password": "123456",
            "administrador": "true",
            "_id": "TCoJDnCG8R3dSpji"
        },
        {
            "nome": "Usuário Válido",
            "email": "teste1776469036000@qa.com",
            "password": "123456",
            "administrador": "true",
            "_id": "TEXDbZlVNfqRbaNx"
        },
        {
            "nome": "Usuário Válido",
            "email": "teste1776472157241@qa.com",
            "password": "123456",
            "administrador": "true",
            "_id": "UWp69M0yH697TO6y"
        },
        {
            "nome": "Usuário Válido",
            "email": "teste1776471418413@qa.com",
            "password": "123456",
            "administrador": "true",
            "_id": "UYWf8ZSlwhUTu1Nk"
        },
        {
            "nome": "Usuário Válido",
            "email": "teste1776472423150@qa.com",
            "password": "123456",
            "administrador": "true",
            "_id": "UbcK8dvSHkzAy6Zq"
        },
        {
            "nome": "Usuário Válido",
            "email": "teste1776468347595@qa.com",
            "password": "123456",
            "administrador": "true",
            "_id": "Vdlq6a2aIFEsnRge"
        },
        {
            "nome": "Usuário Válido",
            "email": "teste1776472412264@qa.com",
            "password": "123456",
            "administrador": "true",
            "_id": "VrHkJV7R9Lc2FScE"
        },
        {
            "nome": "Usuário Válido",
            "email": "teste1776472417007@qa.com",
            "password": "123456",
            "administrador": "true",
            "_id": "X3WeIBuVqi2uGwfi"
        },
        {
            "nome": "Usuário Válido",
            "email": "teste1776468438870@qa.com",
            "password": "123456",
            "administrador": "true",
            "_id": "YN4Ax560BnVbB7U5"
        },
        {
            "nome": "Usuário Válido",
            "email": "teste1776469012374@qa.com",
            "password": "123456",
            "administrador": "true",
            "_id": "YNmYhaItVOunzIPC"
        },
        {
            "nome": "Usuário Válido",
            "email": "teste1776471422393@qa.com",
            "password": "123456",
            "administrador": "true",
            "_id": "Z59ujzAueClXf6SJ"
        },
        {
            "nome": "Usuário Válido",
            "email": "teste1776472580035@qa.com",
            "password": "123456",
            "administrador": "true",
            "_id": "Z8b1zxFSD8lLdApe"
        },
        {
            "nome": "Usuário Válido",
            "email": "teste1776468443888@qa.com",
            "password": "123456",
            "administrador": "true",
            "_id": "Zgn9W3t7w6JyylFm"
        },
        {
            "nome": "Usuário Válido",
            "email": "teste1776472159755@qa.com",
            "password": "123456",
            "administrador": "true",
            "_id": "anV109luOD4UZT9M"
        },
        {
            "nome": "Usuário Válido",
            "email": "teste1776469011516@qa.com",
            "password": "123456",
            "administrador": "true",
            "_id": "bIzxcl0c0ZPXGxx1"
        },
        {
            "nome": "Usuário Válido",
            "email": "teste1776471254872@qa.com",
            "password": "123456",
            "administrador": "true",
            "_id": "cM2fCXuiy047gHP6"
        },
        {
            "nome": "Usuário Válido",
            "email": "teste1776472591532@qa.com",
            "password": "123456",
            "administrador": "true",
            "_id": "cWxu2aXC0FmnFSfb"
        },
        {
            "nome": "Usuário Válido",
            "email": "teste1776469812860@qa.com",
            "password": "123456",
            "administrador": "true",
            "_id": "dBSyy8tRWlbOqhdX"
        },
        {
            "nome": "Usuário Válido",
            "email": "teste1776472424025@qa.com",
            "password": "123456",
            "administrador": "true",
            "_id": "dDV0ZLUXWiIxh21Y"
        },
        {
            "nome": "Earl Garcia",
            "email": "qbrown@example.org",
            "password": "admin",
            "administrador": "true",
            "_id": "fQL2clJIp17xBsPJ"
        },
        {
            "nome": "Usuário Válido",
            "email": "teste1776469819067@qa.com",
            "password": "123456",
            "administrador": "true",
            "_id": "foz7SoJY47oBZIjC"
        },
        {
            "nome": "Edson QA",
            "email": "teste1776468445449@qa.com",
            "password": "123456",
            "administrador": "true",
            "_id": "fsOgQNwER77JtkmD"
        },
        {
            "nome": "Usuário Válido",
            "email": "teste1776469815641@qa.com",
            "password": "123456",
            "administrador": "true",
            "_id": "g2H63jnqPqSkrBPg"
        },
        {
            "nome": "Usuário Válido",
            "email": "teste1776468338949@qa.com",
            "password": "123456",
            "administrador": "true",
            "_id": "gOmYDyB118Umjit8"
        },
        {
            "nome": "Edson QA",
            "email": "teste1776472418003@qa.com",
            "password": "123456",
            "administrador": "true",
            "_id": "hnHTPHONcyiiEeKK"
        },
        {
            "nome": "Usuário Válido",
            "email": "teste1776472169027@qa.com",
            "password": "123456",
            "administrador": "true",
            "_id": "i4FuxOfNsyxgZfQT"
        },
        {
            "nome": "Usuário Válido",
            "email": "teste1776470195323@qa.com",
            "password": "123456",
            "administrador": "true",
            "_id": "iQBp6pnD8iGMBDRv"
        },
        {
            "nome": "Usuário Válido",
            "email": "teste1776469552228@qa.com",
            "password": "123456",
            "administrador": "true",
            "_id": "iY1Dm0gZ3gEWdtJt"
        },
        {
            "nome": "Usuário Válido",
            "email": "teste1776469814894@qa.com",
            "password": "123456",
            "administrador": "true",
            "_id": "jWhzhAQmaHAtjSyS"
        },
        {
            "nome": "Usuário Válido",
            "email": "teste1776472416201@qa.com",
            "password": "123456",
            "administrador": "true",
            "_id": "jnqgxYraOYs4acwK"
        },
        {
            "nome": "Usuário Válido",
            "email": "teste1776471257575@qa.com",
            "password": "123456",
            "administrador": "true",
            "_id": "kWF3dXCLWBpPbnJG"
        },
        {
            "nome": "Usuário Válido",
            "email": "teste1776469065305@qa.com",
            "password": "123456",
            "administrador": "true",
            "_id": "krLz8TC2XDNeGfLA"
        },
        {
            "nome": "Edson QA",
            "email": "teste1776470195594@qa.com",
            "password": "123456",
            "administrador": "true",
            "_id": "krUxccv5PWVPTzzW"
        },
        {
            "nome": "Usuário Válido",
            "email": "teste1776469549127@qa.com",
            "password": "123456",
            "administrador": "true",
            "_id": "mWmeRBAU1fCBzqTo"
        },
        {
            "nome": "Usuário Válido",
            "email": "teste1776471256789@qa.com",
            "password": "123456",
            "administrador": "true",
            "_id": "mWubWGFAicph6sVK"
        },
        {
            "nome": "Usuário Válido",
            "email": "teste1776469544247@qa.com",
            "password": "123456",
            "administrador": "true",
            "_id": "mhqgHRbLI0aWM0lj"
        },
        {
            "nome": "Usuário Válido",
            "email": "teste1776470195069@qa.com",
            "password": "123456",
            "administrador": "true",
            "_id": "p0hGCMvHxDNRKueC"
        },
        {
            "password": "teste",
            "administrador": "true",
            "nome": "Fulano Testes Tres",
            "email": "fulanoteste3@qa.com.br",
            "_id": "pDOIU1Eaqz35OktU"
        },
        {
            "nome": "Usuário Válido",
            "email": "teste1776472168104@qa.com",
            "password": "123456",
            "administrador": "true",
            "_id": "pR5cVnzkRlfP5fhT"
        },
        {
            "administrador": "true",
            "email": "carl.simonis@gmail.com",
            "nome": "Mrs. Donovan Robel",
            "password": "password",
            "_id": "qk2ZeYtAxaaR48R9"
        },
        {
            "nome": "Usuário Válido",
            "email": "teste1776471252229@qa.com",
            "password": "123456",
            "administrador": "true",
            "_id": "qu5XB2AHBLBIFeBZ"
        },
        {
            "nome": "Edson QA",
            "email": "teste1776469069895@qa.com",
            "password": "123456",
            "administrador": "true",
            "_id": "qwAssKhnv7DOn1kH"
        },
        {
            "nome": "Usuário Válido",
            "email": "teste1776472414151@qa.com",
            "password": "123456",
            "administrador": "true",
            "_id": "rg0JIdoCxKv6NNiv"
        },
        {
            "nome": "Edson QA",
            "email": "teste1776472164143@qa.com",
            "password": "123456",
            "administrador": "true",
            "_id": "t1KkUKnloos6Bm9B"
        },
        {
            "nome": "Usuário Válido",
            "email": "teste1776471263253@qa.com",
            "password": "123456",
            "administrador": "true",
            "_id": "thVX9JFQwxbqUC8H"
        },
        {
            "nome": "Usuário Válido",
            "email": "teste1776471262418@qa.com",
            "password": "123456",
            "administrador": "true",
            "_id": "uA1fxYPbaNUlmVRN"
        },
        {
            "nome": "Usuário Válido",
            "email": "teste1776471422160@qa.com",
            "password": "123456",
            "administrador": "true",
            "_id": "uITR5KWwNa8yRMKb"
        },
        {
            "nome": "Usuário Válido",
            "email": "teste1776469098841@qa.com",
            "password": "123456",
            "administrador": "true",
            "_id": "ue1FoIpp8lMcnGwU"
        },
        {
            "nome": "Usuário Válido",
            "email": "teste1776469553903@qa.com",
            "password": "123456",
            "administrador": "true",
            "_id": "ujtx4X1PYR4rIetv"
        },
        {
            "nome": "Usuário Válido",
            "email": "teste1776472589355@qa.com",
            "password": "123456",
            "administrador": "true",
            "_id": "vQ3gr31SrgTffir8"
        },
        {
            "nome": "Usuário Válido",
            "email": "teste1776472422194@qa.com",
            "password": "123456",
            "administrador": "true",
            "_id": "vRV0sdTSj1Y0H6Ud"
        },
        {
            "nome": "Usuário Válido",
            "email": "teste1776471264663@qa.com",
            "password": "123456",
            "administrador": "true",
            "_id": "xzARo8Vh168XAAPo"
        },
        {
            "nome": "Usuário Válido",
            "email": "teste1776469039977@qa.com",
            "password": "123456",
            "administrador": "true",
            "_id": "yML7DmvaYreNn7Rf"
        },
        {
            "administrador": "true",
            "email": "reiload@gmail.com",
            "nome": "full_name",
            "password": "password",
            "_id": "yRAhUTVhUshpQogo"
        },
        {
            "nome": "Edson QA",
            "email": "teste1776472585760@qa.com",
            "password": "123456",
            "administrador": "true",
            "_id": "ygoIzkS22M7wch7C"
        },
        {
            "nome": "Usuário Válido",
            "email": "teste1776469006999@qa.com",
            "password": "123456",
            "administrador": "true",
            "_id": "yjcGhlZsJQv70Tad"
        },
        {
            "nome": "Usuário Válido",
            "email": "teste1776469550889@qa.com",
            "password": "123456",
            "administrador": "true",
            "_id": "ypQc53t0rbBJsqEZ"
        },
        {
            "nome": "Usuário Válido",
            "email": "teste1776468351872@qa.com",
            "password": "123456",
            "administrador": "true",
            "_id": "yz8oxCMjTZagVKk5"
        },
        {
            "nome": "Usuário Válido",
            "email": "teste1776469548228@qa.com",
            "password": "123456",
            "administrador": "true",
            "_id": "z3OSx8447rUhpX4H"
        }
    ]
}
]]></system-out>
  </testcase>
</testsuite>