<?xml version="1.0" encoding="UTF-8"?>
<testsuite xmlns:xsi="http://www.w3.org/2001/XMLSchema-instance" xsi:noNamespaceSchemaLocation="https://maven.apache.org/surefire/maven-surefire-plugin/xsd/surefire-test-report-3.0.xsd" version="3.0" name="com.qa.tests.usuario.UsuarioListTest" time="2.081" tests="2" errors="0" skipped="0" failures="0">
  <properties>
[...]
</properties>
  <testcase name="deveListarUsuarioCadastrado" classname="com.qa.tests.usuario.UsuarioListTest" time="1.1">
    <system-out><![CDATA[Request method:	POST
Request URI:	https://serverest.dev/usuarios
Proxy:			<none>
Request params:	<none>
Query params:	<none>
Form params:	<none>
Path params:	<none>
Headers:		Accept=application/json, application/javascript, text/javascript, text/json
				Content-Type=application/json
Cookies:		<none>
Multiparts:		<none>
Body:
{
    "nome": "Usuário Válido",
    "email": "teste1776380037825@qa.com",
    "password": "123456",
    "administrador": "true"
}
Request method:	POST
Request URI:	https://serverest.dev/usuarios
Proxy:			<none>
Request params:	<none>
Query params:	<none>
Form params:	<none>
Path params:	<none>
Headers:		Accept=application/json, application/javascript, text/javascript, text/json
				Content-Type=application/json
Cookies:		<none>
Multiparts:		<none>
Body:
{
    "nome": "Usuário Válido",
    "email": "teste1776380037825@qa.com",
    "password": "123456",
    "administrador": "true"
}
Request method:	POST
Request URI:	https://serverest.dev/usuarios
Proxy:			<none>
Request params:	<none>
Query params:	<none>
Form params:	<none>
Path params:	<none>
Headers:		Accept=application/json, application/javascript, text/javascript, text/json
				Content-Type=application/json
Cookies:		<none>
Multiparts:		<none>
Body:
{
    "nome": "Usuário Válido",
    "email": "teste1776380037825@qa.com",
    "password": "123456",
    "administrador": "true"
}
Request method:	POST
Request URI:	https://serverest.dev/usuarios
Proxy:			<none>
Request params:	<none>
Query params:	<none>
Form params:	<none>
Path params:	<none>
Headers:		Accept=application/json, application/javascript, text/javascript, text/json
				Content-Type=application/json
Cookies:		<none>
Multiparts:		<none>
Body:
{
    "nome": "Usuário Válido",
    "email": "teste1776380037825@qa.com",
    "password": "123456",
    "administrador": "true"
}
Request method:	POST
Request URI:	https://serverest.dev/usuarios
Proxy:			<none>
Request params:	<none>
Query params:	<none>
Form params:	<none>
Path params:	<none>
Headers:		Accept=application/json, application/javascript, text/javascript, text/json
				Content-Type=application/json
Cookies:		<none>
Multiparts:		<none>
Body:
{
    "nome": "Usuário Válido",
    "email": "teste1776380037825@qa.com",
    "password": "123456",
    "administrador": "true"
}
Request method:	POST
Request URI:	https://serverest.dev/usuarios
Proxy:			<none>
Request params:	<none>
Query params:	<none>
Form params:	<none>
Path params:	<none>
Headers:		Accept=application/json, application/javascript, text/javascript, text/json
				Content-Type=application/json
Cookies:		<none>
Multiparts:		<none>
Body:
{
    "nome": "Usuário Válido",
    "email": "teste1776380037825@qa.com",
    "password": "123456",
    "administrador": "true"
}
HTTP/1.1 201 Created
access-control-allow-origin: *
x-dns-prefetch-control: off
x-frame-options: SAMEORIGIN
strict-transport-security: max-age=15552000; includeSubDomains
x-download-options: noopen
x-content-type-options: nosniff
x-xss-protection: 1; mode=block
content-type: application/json; charset=utf-8
x-cloud-trace-context: 9a3f84deb738a96be0d24e462b2c7328
date: Thu, 16 Apr 2026 22:53:58 GMT
server: Google Frontend
Content-Length: 82

{
    "message": "Cadastro realizado com sucesso",
    "_id": "ipd5TK5fl3qbBllY"
}
HTTP/1.1 201 Created
access-control-allow-origin: *
x-dns-prefetch-control: off
x-frame-options: SAMEORIGIN
strict-transport-security: max-age=15552000; includeSubDomains
x-download-options: noopen
x-content-type-options: nosniff
x-xss-protection: 1; mode=block
content-type: application/json; charset=utf-8
x-cloud-trace-context: 9a3f84deb738a96be0d24e462b2c7328
date: Thu, 16 Apr 2026 22:53:58 GMT
server: Google Frontend
Content-Length: 82

{
    "message": "Cadastro realizado com sucesso",
    "_id": "ipd5TK5fl3qbBllY"
}
HTTP/1.1 201 Created
access-control-allow-origin: *
x-dns-prefetch-control: off
x-frame-options: SAMEORIGIN
strict-transport-security: max-age=15552000; includeSubDomains
x-download-options: noopen
x-content-type-options: nosniff
x-xss-protection: 1; mode=block
content-type: application/json; charset=utf-8
x-cloud-trace-context: 9a3f84deb738a96be0d24e462b2c7328
date: Thu, 16 Apr 2026 22:53:58 GMT
server: Google Frontend
Content-Length: 82

{
    "message": "Cadastro realizado com sucesso",
    "_id": "ipd5TK5fl3qbBllY"
}
HTTP/1.1 201 Created
access-control-allow-origin: *
x-dns-prefetch-control: off
x-frame-options: SAMEORIGIN
strict-transport-security: max-age=15552000; includeSubDomains
x-download-options: noopen
x-content-type-options: nosniff
x-xss-protection: 1; mode=block
content-type: application/json; charset=utf-8
x-cloud-trace-context: 9a3f84deb738a96be0d24e462b2c7328
date: Thu, 16 Apr 2026 22:53:58 GMT
server: Google Frontend
Content-Length: 82

{
    "message": "Cadastro realizado com sucesso",
    "_id": "ipd5TK5fl3qbBllY"
}
HTTP/1.1 201 Created
access-control-allow-origin: *
x-dns-prefetch-control: off
x-frame-options: SAMEORIGIN
strict-transport-security: max-age=15552000; includeSubDomains
x-download-options: noopen
x-content-type-options: nosniff
x-xss-protection: 1; mode=block
content-type: application/json; charset=utf-8
x-cloud-trace-context: 9a3f84deb738a96be0d24e462b2c7328
date: Thu, 16 Apr 2026 22:53:58 GMT
server: Google Frontend
Content-Length: 82

{
    "message": "Cadastro realizado com sucesso",
    "_id": "ipd5TK5fl3qbBllY"
}
HTTP/1.1 201 Created
access-control-allow-origin: *
x-dns-prefetch-control: off
x-frame-options: SAMEORIGIN
strict-transport-security: max-age=15552000; includeSubDomains
x-download-options: noopen
x-content-type-options: nosniff
x-xss-protection: 1; mode=block
content-type: application/json; charset=utf-8
x-cloud-trace-context: 9a3f84deb738a96be0d24e462b2c7328
date: Thu, 16 Apr 2026 22:53:58 GMT
server: Google Frontend
Content-Length: 82

{
    "message": "Cadastro realizado com sucesso",
    "_id": "ipd5TK5fl3qbBllY"
}
Request method:	GET
Request URI:	https://serverest.dev/usuarios
Proxy:			<none>
Request params:	<none>
Query params:	<none>
Form params:	<none>
Path params:	<none>
Headers:		Accept=application/json, application/javascript, text/javascript, text/json
				Content-Type=application/json
Cookies:		<none>
Multiparts:		<none>
Body:			<none>
Request method:	GET
Request URI:	https://serverest.dev/usuarios
Proxy:			<none>
Request params:	<none>
Query params:	<none>
Form params:	<none>
Path params:	<none>
Headers:		Accept=application/json, application/javascript, text/javascript, text/json
				Content-Type=application/json
Cookies:		<none>
Multiparts:		<none>
Body:			<none>
Request method:	GET
Request URI:	https://serverest.dev/usuarios
Proxy:			<none>
Request params:	<none>
Query params:	<none>
Form params:	<none>
Path params:	<none>
Headers:		Accept=application/json, application/javascript, text/javascript, text/json
				Content-Type=application/json
Cookies:		<none>
Multiparts:		<none>
Body:			<none>
Request method:	GET
Request URI:	https://serverest.dev/usuarios
Proxy:			<none>
Request params:	<none>
Query params:	<none>
Form params:	<none>
Path params:	<none>
Headers:		Accept=application/json, application/javascript, text/javascript, text/json
				Content-Type=application/json
Cookies:		<none>
Multiparts:		<none>
Body:			<none>
Request method:	GET
Request URI:	https://serverest.dev/usuarios
Proxy:			<none>
Request params:	<none>
Query params:	<none>
Form params:	<none>
Path params:	<none>
Headers:		Accept=application/json, application/javascript, text/javascript, text/json
				Content-Type=application/json
Cookies:		<none>
Multiparts:		<none>
Body:			<none>
Request method:	GET
Request URI:	https://serverest.dev/usuarios
Proxy:			<none>
Request params:	<none>
Query params:	<none>
Form params:	<none>
Path params:	<none>
Headers:		Accept=application/json, application/javascript, text/javascript, text/json
				Content-Type=application/json
Cookies:		<none>
Multiparts:		<none>
Body:			<none>
HTTP/1.1 200 OK
access-control-allow-origin: *
x-dns-prefetch-control: off
x-frame-options: SAMEORIGIN
strict-transport-security: max-age=15552000; includeSubDomains
x-download-options: noopen
x-content-type-options: nosniff
x-xss-protection: 1; mode=block
content-type: application/json; charset=utf-8
x-cloud-trace-context: 274c9411ed898eafb8b92e808c7513de
date: Thu, 16 Apr 2026 22:53:58 GMT
server: Google Frontend
Content-Length: 31868

{
    "quantidade": 145,
    "usuarios": [
        {
            "nome": "Fulano da Silva",
            "email": "fulano@qa.com",
            "password": "teste",
            "administrador": "true",
            "_id": "0uxuPY0cbmQhpEz1"
        },
        {
            "nome": "Edson QA",
            "email": "teste1776378366205@qa.com",
            "password": "123456",
            "administrador": "true",
            "_id": "2Qg1UppspPwJzz2T"
        },
        {
            "nome": "prueba 1776378385063",
            "email": "prueba1776378385063@gmail.com",
            "password": "123456",
            "administrador": "true",
            "_id": "2eJIvo4nlc5Y2277"
        },
        {
            "nome": "Usuário Válido",
            "email": "teste1776375948903@qa.com",
            "password": "123456",
            "administrador": "true",
            "_id": "36wwsCQeadU8lnXD"
        },
        {
            "nome": "Usuário Válido",
            "email": "teste1776378345530@qa.com",
            "password": "123456",
            "administrador": "true",
            "_id": "3JAlE4tlHZVWB2uL"
        },
        {
            "nome": "Usuário Válido",
            "email": "teste1776376632601@qa.com",
            "password": "123456",
            "administrador": "true",
            "_id": "3mc5b7yOWed1DJp4"
        },
        {
            "nome": "Usuário Válido",
            "email": "teste1776380028059@qa.com",
            "password": "123456",
            "administrador": "true",
            "_id": "3sUuVaBTflFIE0Ce"
        },
        {
            "nome": "Usuário Válido",
            "email": "teste1776376047477@qa.com",
            "password": "123456",
            "administrador": "true",
            "_id": "5UqWhhpWXymj0oEm"
        },
        {
            "nome": "Usuário Válido",
            "email": "teste1776375927801@qa.com",
            "password": "123456",
            "administrador": "true",
            "_id": "5oZQw9QVfLaVAVId"
        },
        {
            "nome": "Usuário Válido",
            "email": "teste1776375995216@qa.com",
            "password": "123456",
            "administrador": "true",
            "_id": "5w3hA3gm4DKlypQx"
        },
        {
            "nome": "prueba 1776378388048",
            "email": "prueba1776378388048@gmail.com",
            "password": "123456",
            "administrador": "true",
            "_id": "61lqcCyukz6BN5bI"
        },
        {
            "nome": "Fulano da Silva",
            "email": "testeq@gmail.com.br",
            "password": "teste",
            "administrador": "true",
            "_id": "6fwWNj1x965c7RvY"
        },
        {
            "nome": "Usuário Válido",
            "email": "teste1776375925111@qa.com",
            "password": "123456",
            "administrador": "true",
            "_id": "6sMY37IanbFhVUIv"
        },
        {
            "nome": "prueba 1776378576124",
            "email": "prueba1776378576124@gmail.com",
            "password": "123456",
            "administrador": "true",
            "_id": "6xbmkTwIX5PuyNas"
        },
        {
            "nome": "Usuário Válido",
            "email": "teste1776376048600@qa.com",
            "password": "123456",
            "administrador": "true",
            "_id": "6yiU2suB4yZAppeB"
        },
        {
            "nome": "Usuário Válido",
            "email": "teste1776380033197@qa.com",
            "password": "123456",
            "administrador": "true",
            "_id": "7JygSV9UrfbSGu2H"
        },
        {
            "nome": "Usuário Válido",
            "email": "teste1776377800928@qa.com",
            "password": "123456",
            "administrador": "true",
            "_id": "86laRBISJwo28rC5"
        },
        {
            "nome": "Usuário Válido",
            "email": "teste1776378459248@qa.com",
            "password": "123456",
            "administrador": "true",
            "_id": "8hs13j2aiAxKEBsg"
        },
        {
            "nome": "Usuário Válido",
            "email": "teste1776376234496@qa.com",
            "password": "123456",
            "administrador": "true",
            "_id": "8rCFQLARII0cRmbJ"
        },
        {
            "nome": "Usuário Válido",
            "email": "teste1776375952334@qa.com",
            "password": "123456",
            "administrador": "true",
            "_id": "98BK2b3viRZxmmzc"
        },
        {
            "nome": "prueba 1776378297976",
            "email": "prueba1776378297976@gmail.com",
            "password": "123456",
            "administrador": "true",
            "_id": "9U8a8UZsbI8WtZQ2"
        },
        {
            "nome": "prueba 1776378302464",
            "email": "prueba1776378302464@gmail.com",
            "password": "123456",
            "administrador": "true",
            "_id": "9w6MyXY1jBl199aE"
        },
        {
            "nome": "Edson QA",
            "email": "teste1776376051821@qa.com",
            "password": "123456",
            "administrador": "true",
            "_id": "A1FdlhtB2CNoW0Rv"
        },
        {
            "nome": "Elton",
            "email": "Julio.Donnelly@hotmail.com",
            "password": "senha123",
            "administrador": "true",
            "_id": "AYyo4w4n1MXU38QT"
        },
        {
            "nome": "Usuário Válido",
            "email": "teste1776375944519@qa.com",
            "password": "123456",
            "administrador": "true",
            "_id": "B6tBsP2jXvTOfoF2"
        },
        {
            "nome": "Usuário Válido",
            "email": "teste1776375950373@qa.com",
            "password": "123456",
            "administrador": "true",
            "_id": "BKbyhNQI4JjBzCgY"
        },
        {
            "nome": "Usuário Válido",
            "email": "teste1776377786400@qa.com",
            "password": "123456",
            "administrador": "true",
            "_id": "BvRL9YHQGm8kE41l"
        },
        {
            "nome": "laryssa isabelli",
            "email": "lary@qa.com.br",
            "password": "teste",
            "administrador": "true",
            "_id": "CQT7j4CrAtW8fjqB"
        },
        {
            "nome": "Edson QA",
            "email": "teste1776380034795@qa.com",
            "password": "123456",
            "administrador": "true",
            "_id": "DPbhGmg8WPVymMAV"
        },
        {
            "nome": "Usuário Válido",
            "email": "teste1776376226137@qa.com",
            "password": "123456",
            "administrador": "true",
            "_id": "DpS7bZey5e7GpV6R"
        },
        {
            "nome": "prueba 1776378303945",
            "email": "prueba1776378303945@gmail.com",
            "password": "123456",
            "administrador": "true",
            "_id": "DtGwEEzIfVfUVUH5"
        },
        {
            "nome": "Usuário Válido",
            "email": "teste1776377789318@qa.com",
            "password": "123456",
            "administrador": "true",
            "_id": "EHjiZCK7Jacfw1tB"
        },
        {
            "nome": "Usuário Válido",
            "email": "teste1776378454622@qa.com",
            "password": "123456",
            "administrador": "true",
            "_id": "EjbIaHf5SUYhdzDd"
        },
        {
            "nome": "Usuário Válido",
            "email": "teste1776378359761@qa.com",
            "password": "123456",
            "administrador": "true",
            "_id": "FBo2muMrzxsJapqU"
        },
        {
            "nome": "Usuário Válido",
            "email": "teste1776378460321@qa.com",
            "password": "123456",
            "administrador": "true",
            "_id": "FLEPH2K5tpHEv7k7"
        },
        {
            "nome": "prueba 1776378703647",
            "email": "prueba1776378703647@gmail.com",
            "password": "123456",
            "administrador": "true",
            "_id": "FxPownDg8RXbxRXr"
        },
        {
            "nome": "Usuário Válido",
            "email": "teste1776376537646@qa.com",
            "password": "123456",
            "administrador": "true",
            "_id": "GQ4dghYC9j9rYUky"
        },
        {
            "nome": "prueba 1776378709820",
            "email": "prueba1776378709820@gmail.com",
            "password": "123456",
            "administrador": "true",
            "_id": "GSZZLNgrSQ1Q2oFj"
        },
        {
            "nome": "Usuário Válido",
            "email": "teste1776375994476@qa.com",
            "password": "123456",
            "administrador": "true",
            "_id": "GYLhTsgTSGnSl1np"
        },
        {
            "nome": "Usuário Válido",
            "email": "teste1776376231158@qa.com",
            "password": "123456",
            "administrador": "true",
            "_id": "GYfekEG8iAN8gvnx"
        },
        {
            "nome": "Edson QA",
            "email": "teste1776376634115@qa.com",
            "password": "123456",
            "administrador": "true",
            "_id": "Gmlp6EH7EZA1NbW9"
        },
        {
            "nome": "Usuário Válido",
            "email": "teste1776378347868@qa.com",
            "password": "123456",
            "administrador": "true",
            "_id": "GoH49BkpKXR9jYcn"
        },
        {
            "nome": "Judy",
            "email": "Kristoffer.Bogisich-Gerlach20@gmail.com",
            "password": "senha1234",
            "administrador": "true",
            "_id": "GsNmqwubmAB8kOQu"
        },
        {
            "nome": "prueba 1776378579973",
            "email": "prueba1776378579973@gmail.com",
            "password": "123456",
            "administrador": "true",
            "_id": "H72im5f3bve68eKj"
        },
        {
            "nome": "Usuário Válido",
            "email": "teste1776376632200@qa.com",
            "password": "123456",
            "administrador": "true",
            "_id": "HfhAepwYgAlIxIh0"
        },
        {
            "nome": "Usuário Válido",
            "email": "teste1776378110054@qa.com",
            "password": "123456",
            "administrador": "true",
            "_id": "Kv9PM9Aq4Ree7xwP"
        },
        {
            "nome": "Usuário Válido",
            "email": "teste1776377799397@qa.com",
            "password": "123456",
            "administrador": "true",
            "_id": "LG23HP9Q3FudTAPu"
        },
        {
            "nome": "Usuário Válido",
            "email": "teste1776378099892@qa.com",
            "password": "123456",
            "administrador": "true",
            "_id": "LKuoCtUCXoxLGunb"
        },
        {
            "nome": "Usuário Válido",
            "email": "teste1776375996837@qa.com",
            "password": "123456",
            "administrador": "true",
            "_id": "M6WB5EMnuxCbVYzC"
        },
        {
            "nome": "Usuário Válido",
            "email": "teste1776375930014@qa.com",
            "password": "123456",
            "administrador": "true",
            "_id": "M8I2ll7bZEvnZZLf"
        },
        {
            "nome": "Usuário Válido",
            "email": "teste1776376233728@qa.com",
            "password": "123456",
            "administrador": "true",
            "_id": "MpVTvdfBJDvkyy1I"
        },
        {
            "nome": "Usuário Válido",
            "email": "teste1776378113942@qa.com",
            "password": "123456",
            "administrador": "true",
            "_id": "NJbXCqQ6yvuBbU8E"
        },
        {
            "nome": "Usuário Válido",
            "email": "teste1776375985089@qa.com",
            "password": "123456",
            "administrador": "true",
            "_id": "OXqHbihK5yswfBun"
        },
        {
            "nome": "Fulano de tal",
            "email": "Leola.Hilll@hotmail.com",
            "password": "senha123",
            "administrador": "true",
            "_id": "PCrjjUXQCQ6hvMRC"
        },
        {
            "nome": "Guilherme Andrade",
            "email": "1@qa.com.br",
            "password": "Arroz",
            "administrador": "true",
            "_id": "PDxUVGMhJlnYWAnN"
        },
        {
            "nome": "Usuário Válido",
            "email": "teste1776378363181@qa.com",
            "password": "123456",
            "administrador": "true",
            "_id": "PZ5MYQ7Ich01dBgH"
        },
        {
            "nome": "prueba 1776378714279",
            "email": "prueba1776378714279@gmail.com",
            "password": "123456",
            "administrador": "true",
            "_id": "QYYrcDDnI6zgInHn"
        },
        {
            "nome": "Usuário Válido",
            "email": "teste1776376232671@qa.com",
            "password": "123456",
            "administrador": "true",
            "_id": "QjUzzIJvArhIRkWK"
        },
        {
            "nome": "Usuário Válido",
            "email": "teste1776378468177@qa.com",
            "password": "123456",
            "administrador": "true",
            "_id": "Raaj4fxhRdaSqK0V"
        },
        {
            "nome": "Usuário Válido",
            "email": "teste1776377795272@qa.com",
            "password": "123456",
            "administrador": "true",
            "_id": "S17uixL1ypeQC6Mo"
        },
        {
            "nome": "Edson QA",
            "email": "teste1776375954621@qa.com",
            "password": "123456",
            "administrador": "true",
            "_id": "S8aEb7Bq5JhDVQUC"
        },
        {
            "nome": "Usuário Válido",
            "email": "teste1776375946206@qa.com",
            "password": "123456",
            "administrador": "true",
            "_id": "TGorA7ptiNAMdvIK"
        },
        {
            "nome": "Usuário Válido",
            "email": "teste1776378109211@qa.com",
            "password": "123456",
            "administrador": "true",
            "_id": "Tb1BCrYRiBX6Na5E"
        },
        {
            "nome": "Usuário Válido",
            "email": "teste1776378353851@qa.com",
            "password": "123456",
            "administrador": "true",
            "_id": "UAxNEdaEUt69cf8E"
        },
        {
            "nome": "Usuário Válido",
            "email": "teste1776378452650@qa.com",
            "password": "123456",
            "administrador": "true",
            "_id": "UV5tsz6970wOrYLv"
        },
        {
            "nome": "Usuário Válido",
            "email": "teste1776376535894@qa.com",
            "password": "123456",
            "administrador": "true",
            "_id": "VgFaacLE1m1uVRVt"
        },
        {
            "nome": "Usuário Válido",
            "email": "teste1776378466416@qa.com",
            "password": "123456",
            "administrador": "true",
            "_id": "WbBajsAWYkdb9soT"
        },
        {
            "nome": "Usuário Válido",
            "email": "teste1776378100631@qa.com",
            "password": "123456",
            "administrador": "true",
            "_id": "WrOp37HehzbixBp8"
        },
        {
            "nome": "Allison Corwin",
            "email": "Rocky.Dickens@hotmail.com",
            "password": "pwd123",
            "administrador": "true",
            "_id": "XM1wGe6AfSKlDXUn"
        },
        {
            "nome": "Guilherme Andrade",
            "email": "guilherme@qa.com.br",
            "password": "Senha",
            "administrador": "true",
            "_id": "Y0F1siAOfVaKYP4g"
        },
        {
            "nome": "Usuário Válido",
            "email": "teste1776378470497@qa.com",
            "password": "123456",
            "administrador": "true",
            "_id": "YCvUhaS7qoPTGPwM"
        },
        {
            "nome": "Usuário Válido",
            "email": "teste1776378450919@qa.com",
            "password": "123456",
            "administrador": "true",
            "_id": "YJimMSJwRiOQxFp0"
        },
        {
            "nome": "Usuário Válido",
            "email": "teste1776378343586@qa.com",
            "password": "123456",
            "administrador": "true",
            "_id": "YT4I4DCO6cOQfMCJ"
        },
        {
            "nome": "Edson QA",
            "email": "teste1776376538482@qa.com",
            "password": "123456",
            "administrador": "true",
            "_id": "YjWob83iqPu6YmLl"
        },
        {
            "nome": "Usuário Válido",
            "email": "teste1776376051075@qa.com",
            "password": "123456",
            "administrador": "true",
            "_id": "YvFcgrBHOF8JbX1V"
        },
        {
            "nome": "Usuário Válido",
            "email": "teste1776377794336@qa.com",
            "password": "123456",
            "administrador": "true",
            "_id": "Z4DUZRMHmd2RWjcD"
        },
        {
            "nome": "Usuário Válido",
            "email": "teste1776376633365@qa.com",
            "password": "123456",
            "administrador": "true",
            "_id": "ZvoL468xExLbKMJC"
        },
        {
            "nome": "Usuário Válido",
            "email": "teste1776378103780@qa.com",
            "password": "123456",
            "administrador": "true",
            "_id": "a97yREQCNBsr72cc"
        },
        {
            "nome": "Usuário Válido",
            "email": "teste1776378455955@qa.com",
            "password": "123456",
            "administrador": "true",
            "_id": "abNP4czGLHSWAvxL"
        },
        {
            "nome": "Usuário Válido",
            "email": "teste1776375938982@qa.com",
            "password": "123456",
            "administrador": "true",
            "_id": "bFEoJIYZyEb8UNBE"
        },
        {
            "nome": "prueba 1776378306966",
            "email": "prueba1776378306966@gmail.com",
            "password": "123456",
            "administrador": "true",
            "_id": "cNf6fcJGGeQL4TuP"
        },
        {
            "nome": "Edson QA",
            "email": "teste1776378117831@qa.com",
            "password": "123456",
            "administrador": "true",
            "_id": "cznu4OQZowZAesfA"
        },
        {
            "nome": "Usuário Válido",
            "email": "teste1776378360893@qa.com",
            "password": "123456",
            "administrador": "true",
            "_id": "dZlhTzzfNUX8DGV1"
        },
        {
            "nome": "Usuário Válido",
            "email": "teste1776376532938@qa.com",
            "password": "123456",
            "administrador": "true",
            "_id": "dbqWjtN8LqbvNRSn"
        },
        {
            "nome": "Usuário Válido",
            "email": "teste1776376531691@qa.com",
            "password": "123456",
            "administrador": "true",
            "_id": "doxsfxMd6YV5KyFY"
        },
        {
            "nome": "Usuário Válido",
            "email": "teste1776375949879@qa.com",
            "password": "123456",
            "administrador": "true",
            "_id": "eIkRuFsdqUnwCCGe"
        },
        {
            "nome": "prueba 1776378745752",
            "email": "prueba1776378745752@gmail.com",
            "password": "123456",
            "administrador": "true",
            "_id": "eTYSBNoHQe7nvatY"
        },
        {
            "nome": "Usuário Válido",
            "email": "teste1776375928517@qa.com",
            "password": "123456",
            "administrador": "true",
            "_id": "eaFU32JguUIXT0U5"
        },
        {
            "nome": "Usuário Válido",
            "email": "teste1776378097695@qa.com",
            "password": "123456",
            "administrador": "true",
            "_id": "eqV0EAdgQ2T2vtMs"
        },
        {
            "nome": "prueba 1776378711301",
            "email": "prueba1776378711301@gmail.com",
            "password": "123456",
            "administrador": "true",
            "_id": "exp6f6IvVqirwcNa"
        },
        {
            "nome": "Usuário Válido",
            "email": "teste1776375948227@qa.com",
            "password": "123456",
            "administrador": "true",
            "_id": "fTRbpQiTLHMKazFL"
        },
        {
            "nome": "Usuário Válido",
            "email": "teste1776375953898@qa.com",
            "password": "123456",
            "administrador": "true",
            "_id": "fgaNmNyfA0p5iNzX"
        },
        {
            "nome": "Usuário Válido",
            "email": "teste1776376530792@qa.com",
            "password": "123456",
            "administrador": "true",
            "_id": "g3xjhGPGEU0zob8c"
        },
        {
            "nome": "Edson QA",
            "email": "teste1776376237432@qa.com",
            "password": "123456",
            "administrador": "true",
            "_id": "gJq1HAAbnjC5SadK"
        },
        {
            "nome": "Usuário Válido",
            "email": "teste1776378111293@qa.com",
            "password": "123456",
            "administrador": "true",
            "_id": "gheQhzG6s1brs6gX"
        },
        {
            "nome": "Usuário Válido",
            "email": "teste1776377785530@qa.com",
            "password": "123456",
            "administrador": "true",
            "_id": "hEQe0qzoU40QWKVl"
        },
        {
            "nome": "Frank",
            "email": "Sergio_Goyette80@yahoo.com",
            "password": "senha123",
            "administrador": "true",
            "_id": "hh86gNbret1E0Yv8"
        },
        {
            "nome": "Usuário Válido",
            "email": "teste1776377790180@qa.com",
            "password": "123456",
            "administrador": "true",
            "_id": "hld89pfnAVvNhfPB"
        },
        {
            "nome": "Usuário Válido",
            "email": "teste1776377783597@qa.com",
            "password": "123456",
            "administrador": "true",
            "_id": "hognNaFmnZFeJyeL"
        },
        {
            "nome": "Usuário Válido",
            "email": "teste1776378352379@qa.com",
            "password": "123456",
            "administrador": "true",
            "_id": "i0DLCNE953ZWTtd1"
        },
        {
            "nome": "Usuário Válido",
            "email": "teste1776380037825@qa.com",
            "password": "123456",
            "administrador": "true",
            "_id": "ipd5TK5fl3qbBllY"
        },
        {
            "nome": "Edson QA",
            "email": "teste1776377801818@qa.com",
            "password": "123456",
            "administrador": "true",
            "_id": "iu6wyBi3z2WzhsEM"
        },
        {
            "nome": "carlos",
            "email": "beltrano@q.com.br",
            "password": "teste",
            "administrador": "true",
            "_id": "jKl04VKzMuKXuM57"
        },
        {
            "nome": "Edson QA",
            "email": "teste1776378473126@qa.com",
            "password": "123456",
            "administrador": "true",
            "_id": "jydRtDyvoEBOPYq7"
        },
        {
            "nome": "Usuário Válido",
            "email": "teste1776378116913@qa.com",
            "password": "123456",
            "administrador": "true",
            "_id": "kBajSBowAe24fD9t"
        },
        {
            "nome": "Edson QA",
            "email": "teste1776378456889@qa.com",
            "password": "123456",
            "administrador": "true",
            "_id": "kHTCbSyE8x1QLwJz"
        },
        {
            "nome": "Usuário Válido",
            "email": "teste1776376633856@qa.com",
            "password": "123456",
            "administrador": "true",
            "_id": "lVhvFElrSSuLskcT"
        },
        {
            "nome": "Usuário Válido",
            "email": "teste1776376041146@qa.com",
            "password": "123456",
            "administrador": "true",
            "_id": "lZ9Q7PAaPE5VNEcx"
        },
        {
            "nome": "Usuário Válido",
            "email": "teste1776378104662@qa.com",
            "password": "123456",
            "administrador": "true",
            "_id": "lvHUCYQLkD3oltK4"
        },
        {
            "nome": "Usuário Válido",
            "email": "teste1776377781002@qa.com",
            "password": "123456",
            "administrador": "true",
            "_id": "mVX87qqR6jj0mtMj"
        },
        {
            "nome": "Usuário Válido",
            "email": "teste1776375926692@qa.com",
            "password": "123456",
            "administrador": "true",
            "_id": "mzrhhpOMAZUMQ9Ad"
        },
        {
            "nome": "Usuário Válido",
            "email": "teste1776378095566@qa.com",
            "password": "123456",
            "administrador": "true",
            "_id": "nBDcrZM3nfHQ1rRN"
        },
        {
            "nome": "Usuário Válido",
            "email": "teste1776380031056@qa.com",
            "password": "123456",
            "administrador": "true",
            "_id": "nQIw0ibGrtMcqZh4"
        },
        {
            "nome": "Usuário Válido",
            "email": "teste1776376631933@qa.com",
            "password": "123456",
            "administrador": "true",
            "_id": "nZXASLrebM8P2ECZ"
        },
        {
            "nome": "prueba 1776378743466",
            "email": "prueba1776378743466@gmail.com",
            "password": "123456",
            "administrador": "true",
            "_id": "nvcKK8Chr1oH4OKH"
        },
        {
            "nome": "Usuário Válido",
            "email": "teste1776376046027@qa.com",
            "password": "123456",
            "administrador": "true",
            "_id": "oAoorZdmHLfGaP2q"
        },
        {
            "nome": "Usuário Válido",
            "email": "teste1776378348646@qa.com",
            "password": "123456",
            "administrador": "true",
            "_id": "oBTiV8fwueLZB2JU"
        },
        {
            "nome": "prueba 1776378383599",
            "email": "prueba1776378383599@gmail.com",
            "password": "123456",
            "administrador": "true",
            "_id": "pHW6INY00bOvvIqi"
        },
        {
            "nome": "Usuário Válido",
            "email": "teste1776378465373@qa.com",
            "password": "123456",
            "administrador": "true",
            "_id": "prsQBT6V86rGFi2R"
        },
        {
            "nome": "Usuário Válido",
            "email": "teste1776380034009@qa.com",
            "password": "123456",
            "administrador": "true",
            "_id": "q1xXUybQwJOt2Vce"
        },
        {
            "nome": "Usuário Válido",
            "email": "teste1776376525096@qa.com",
            "password": "123456",
            "administrador": "true",
            "_id": "qB390yPeV3TTFFOv"
        },
        {
            "nome": "prueba 1776378569800",
            "email": "prueba1776378569800@gmail.com",
            "password": "123456",
            "administrador": "true",
            "_id": "qDjnKrmeswBumsW7"
        },
        {
            "nome": "Usuário Válido",
            "email": "teste1776377796984@qa.com",
            "password": "123456",
            "administrador": "true",
            "_id": "qMK5omRybUGUP8Lc"
        },
        {
            "nome": "Usuário Válido",
            "email": "teste1776378472172@qa.com",
            "password": "123456",
            "administrador": "true",
            "_id": "rEtydbCIvLyNrlmE"
        },
        {
            "nome": "Fulano da Silva",
            "email": "testeqa@gmail.com.br",
            "password": "teste",
            "administrador": "true",
            "_id": "rVU8jKAVcW3y5J8l"
        },
        {
            "nome": "Edson QA",
            "email": "teste1776378349424@qa.com",
            "password": "123456",
            "administrador": "true",
            "_id": "rWhA67BgrWanJSTU"
        },
        {
            "nome": "Edson QA",
            "email": "teste1776375930879@qa.com",
            "password": "123456",
            "administrador": "true",
            "_id": "rhGeuhO4kZtYbcnP"
        },
        {
            "nome": "Usuário Válido",
            "email": "teste1776378358885@qa.com",
            "password": "123456",
            "administrador": "true",
            "_id": "s2eR363KPkCXVerj"
        },
        {
            "nome": "prueba 1776378574678",
            "email": "prueba1776378574678@gmail.com",
            "password": "123456",
            "administrador": "true",
            "_id": "shdltwpEw7wOKRyp"
        },
        {
            "nome": "Edson QA",
            "email": "teste1776378101475@qa.com",
            "password": "123456",
            "administrador": "true",
            "_id": "slvwd8ymdwQwfQkm"
        },
        {
            "nome": "Edson QA",
            "email": "teste1776375950718@qa.com",
            "password": "123456",
            "administrador": "true",
            "_id": "tBympLNHorjYBzLm"
        },
        {
            "nome": "prueba 1776378749546",
            "email": "prueba1776378749546@gmail.com",
            "password": "123456",
            "administrador": "true",
            "_id": "tTZy0Dke7UfmiIne"
        },
        {
            "nome": "Edson QA",
            "email": "teste1776377787219@qa.com",
            "password": "123456",
            "administrador": "true",
            "_id": "tZU1T0MiCK5lHea1"
        },
        {
            "nome": "Usuário Válido",
            "email": "teste1776375991686@qa.com",
            "password": "123456",
            "administrador": "true",
            "_id": "uIyUfUGc3a6is9pv"
        },
        {
            "nome": "prueba 1776378738957",
            "email": "prueba1776378738957@gmail.com",
            "password": "123456",
            "administrador": "true",
            "_id": "vTYp27XpdkxVDOvO"
        },
        {
            "nome": "Usuário Válido",
            "email": "teste1776376629223@qa.com",
            "password": "123456",
            "administrador": "true",
            "_id": "vq7AYLa3bUmUnKb0"
        },
        {
            "nome": "Usuário Válido",
            "email": "teste1776375947365@qa.com",
            "password": "123456",
            "administrador": "true",
            "_id": "wSmikRchQsE1np5j"
        },
        {
            "nome": "Edson QA",
            "email": "teste1776375997730@qa.com",
            "password": "123456",
            "administrador": "true",
            "_id": "x9j7sf8lCfW1tv21"
        },
        {
            "nome": "Usuário Válido",
            "email": "teste1776376236669@qa.com",
            "password": "123456",
            "administrador": "true",
            "_id": "xTfhXXMulV8930ak"
        },
        {
            "nome": "prueba 1776378379017",
            "email": "prueba1776378379017@gmail.com",
            "password": "123456",
            "administrador": "true",
            "_id": "xZA2qB8UIUJwnAaN"
        },
        {
            "nome": "Usuário Válido",
            "email": "teste1776376049583@qa.com",
            "password": "123456",
            "administrador": "true",
            "_id": "xo3iPt0G5j96cjdY"
        },
        {
            "nome": "Usuário Válido",
            "email": "teste1776375993317@qa.com",
            "password": "123456",
            "administrador": "true",
            "_id": "yMV5mekYb8oabHV0"
        },
        {
            "nome": "Usuário Válido",
            "email": "teste1776378365299@qa.com",
            "password": "123456",
            "administrador": "true",
            "_id": "yTNJXh1pT488yRsk"
        },
        {
            "nome": "Fulano da Silva",
            "email": "beltrano@qa.com.br",
            "password": "teste",
            "administrador": "true",
            "_id": "z54sDvzwTnjgwyl8"
        },
        {
            "nome": "Usuário Válido",
            "email": "teste1776375951494@qa.com",
            "password": "123456",
            "administrador": "true",
            "_id": "zTCbpFd7qzqW0oYY"
        }
    ]
}
HTTP/1.1 200 OK
access-control-allow-origin: *
x-dns-prefetch-control: off
x-frame-options: SAMEORIGIN
strict-transport-security: max-age=15552000; includeSubDomains
x-download-options: noopen
x-content-type-options: nosniff
x-xss-protection: 1; mode=block
content-type: application/json; charset=utf-8
x-cloud-trace-context: 274c9411ed898eafb8b92e808c7513de
date: Thu, 16 Apr 2026 22:53:58 GMT
server: Google Frontend
Content-Length: 31868

{
    "quantidade": 145,
    "usuarios": [
        {
            "nome": "Fulano da Silva",
            "email": "fulano@qa.com",
            "password": "teste",
            "administrador": "true",
            "_id": "0uxuPY0cbmQhpEz1"
        },
        {
            "nome": "Edson QA",
            "email": "teste1776378366205@qa.com",
            "password": "123456",
            "administrador": "true",
            "_id": "2Qg1UppspPwJzz2T"
        },
        {
            "nome": "prueba 1776378385063",
            "email": "prueba1776378385063@gmail.com",
            "password": "123456",
            "administrador": "true",
            "_id": "2eJIvo4nlc5Y2277"
        },
        {
            "nome": "Usuário Válido",
            "email": "teste1776375948903@qa.com",
            "password": "123456",
            "administrador": "true",
            "_id": "36wwsCQeadU8lnXD"
        },
        {
            "nome": "Usuário Válido",
            "email": "teste1776378345530@qa.com",
            "password": "123456",
            "administrador": "true",
            "_id": "3JAlE4tlHZVWB2uL"
        },
        {
            "nome": "Usuário Válido",
            "email": "teste1776376632601@qa.com",
            "password": "123456",
            "administrador": "true",
            "_id": "3mc5b7yOWed1DJp4"
        },
        {
            "nome": "Usuário Válido",
            "email": "teste1776380028059@qa.com",
            "password": "123456",
            "administrador": "true",
            "_id": "3sUuVaBTflFIE0Ce"
        },
        {
            "nome": "Usuário Válido",
            "email": "teste1776376047477@qa.com",
            "password": "123456",
            "administrador": "true",
            "_id": "5UqWhhpWXymj0oEm"
        },
        {
            "nome": "Usuário Válido",
            "email": "teste1776375927801@qa.com",
            "password": "123456",
            "administrador": "true",
            "_id": "5oZQw9QVfLaVAVId"
        },
        {
            "nome": "Usuário Válido",
            "email": "teste1776375995216@qa.com",
            "password": "123456",
            "administrador": "true",
            "_id": "5w3hA3gm4DKlypQx"
        },
        {
            "nome": "prueba 1776378388048",
            "email": "prueba1776378388048@gmail.com",
            "password": "123456",
            "administrador": "true",
            "_id": "61lqcCyukz6BN5bI"
        },
        {
            "nome": "Fulano da Silva",
            "email": "testeq@gmail.com.br",
            "password": "teste",
            "administrador": "true",
            "_id": "6fwWNj1x965c7RvY"
        },
        {
            "nome": "Usuário Válido",
            "email": "teste1776375925111@qa.com",
            "password": "123456",
            "administrador": "true",
            "_id": "6sMY37IanbFhVUIv"
        },
        {
            "nome": "prueba 1776378576124",
            "email": "prueba1776378576124@gmail.com",
            "password": "123456",
            "administrador": "true",
            "_id": "6xbmkTwIX5PuyNas"
        },
        {
            "nome": "Usuário Válido",
            "email": "teste1776376048600@qa.com",
            "password": "123456",
            "administrador": "true",
            "_id": "6yiU2suB4yZAppeB"
        },
        {
            "nome": "Usuário Válido",
            "email": "teste1776380033197@qa.com",
            "password": "123456",
            "administrador": "true",
            "_id": "7JygSV9UrfbSGu2H"
        },
        {
            "nome": "Usuário Válido",
            "email": "teste1776377800928@qa.com",
            "password": "123456",
            "administrador": "true",
            "_id": "86laRBISJwo28rC5"
        },
        {
            "nome": "Usuário Válido",
            "email": "teste1776378459248@qa.com",
            "password": "123456",
            "administrador": "true",
            "_id": "8hs13j2aiAxKEBsg"
        },
        {
            "nome": "Usuário Válido",
            "email": "teste1776376234496@qa.com",
            "password": "123456",
            "administrador": "true",
            "_id": "8rCFQLARII0cRmbJ"
        },
        {
            "nome": "Usuário Válido",
            "email": "teste1776375952334@qa.com",
            "password": "123456",
            "administrador": "true",
            "_id": "98BK2b3viRZxmmzc"
        },
        {
            "nome": "prueba 1776378297976",
            "email": "prueba1776378297976@gmail.com",
            "password": "123456",
            "administrador": "true",
            "_id": "9U8a8UZsbI8WtZQ2"
        },
        {
            "nome": "prueba 1776378302464",
            "email": "prueba1776378302464@gmail.com",
            "password": "123456",
            "administrador": "true",
            "_id": "9w6MyXY1jBl199aE"
        },
        {
            "nome": "Edson QA",
            "email": "teste1776376051821@qa.com",
            "password": "123456",
            "administrador": "true",
            "_id": "A1FdlhtB2CNoW0Rv"
        },
        {
            "nome": "Elton",
            "email": "Julio.Donnelly@hotmail.com",
            "password": "senha123",
            "administrador": "true",
            "_id": "AYyo4w4n1MXU38QT"
        },
        {
            "nome": "Usuário Válido",
            "email": "teste1776375944519@qa.com",
            "password": "123456",
            "administrador": "true",
            "_id": "B6tBsP2jXvTOfoF2"
        },
        {
            "nome": "Usuário Válido",
            "email": "teste1776375950373@qa.com",
            "password": "123456",
            "administrador": "true",
            "_id": "BKbyhNQI4JjBzCgY"
        },
        {
            "nome": "Usuário Válido",
            "email": "teste1776377786400@qa.com",
            "password": "123456",
            "administrador": "true",
            "_id": "BvRL9YHQGm8kE41l"
        },
        {
            "nome": "laryssa isabelli",
            "email": "lary@qa.com.br",
            "password": "teste",
            "administrador": "true",
            "_id": "CQT7j4CrAtW8fjqB"
        },
        {
            "nome": "Edson QA",
            "email": "teste1776380034795@qa.com",
            "password": "123456",
            "administrador": "true",
            "_id": "DPbhGmg8WPVymMAV"
        },
        {
            "nome": "Usuário Válido",
            "email": "teste1776376226137@qa.com",
            "password": "123456",
            "administrador": "true",
            "_id": "DpS7bZey5e7GpV6R"
        },
        {
            "nome": "prueba 1776378303945",
            "email": "prueba1776378303945@gmail.com",
            "password": "123456",
            "administrador": "true",
            "_id": "DtGwEEzIfVfUVUH5"
        },
        {
            "nome": "Usuário Válido",
            "email": "teste1776377789318@qa.com",
            "password": "123456",
            "administrador": "true",
            "_id": "EHjiZCK7Jacfw1tB"
        },
        {
            "nome": "Usuário Válido",
            "email": "teste1776378454622@qa.com",
            "password": "123456",
            "administrador": "true",
            "_id": "EjbIaHf5SUYhdzDd"
        },
        {
            "nome": "Usuário Válido",
            "email": "teste1776378359761@qa.com",
            "password": "123456",
            "administrador": "true",
            "_id": "FBo2muMrzxsJapqU"
        },
        {
            "nome": "Usuário Válido",
            "email": "teste1776378460321@qa.com",
            "password": "123456",
            "administrador": "true",
            "_id": "FLEPH2K5tpHEv7k7"
        },
        {
            "nome": "prueba 1776378703647",
            "email": "prueba1776378703647@gmail.com",
            "password": "123456",
            "administrador": "true",
            "_id": "FxPownDg8RXbxRXr"
        },
        {
            "nome": "Usuário Válido",
            "email": "teste1776376537646@qa.com",
            "password": "123456",
            "administrador": "true",
            "_id": "GQ4dghYC9j9rYUky"
        },
        {
            "nome": "prueba 1776378709820",
            "email": "prueba1776378709820@gmail.com",
            "password": "123456",
            "administrador": "true",
            "_id": "GSZZLNgrSQ1Q2oFj"
        },
        {
            "nome": "Usuário Válido",
            "email": "teste1776375994476@qa.com",
            "password": "123456",
            "administrador": "true",
            "_id": "GYLhTsgTSGnSl1np"
        },
        {
            "nome": "Usuário Válido",
            "email": "teste1776376231158@qa.com",
            "password": "123456",
            "administrador": "true",
            "_id": "GYfekEG8iAN8gvnx"
        },
        {
            "nome": "Edson QA",
            "email": "teste1776376634115@qa.com",
            "password": "123456",
            "administrador": "true",
            "_id": "Gmlp6EH7EZA1NbW9"
        },
        {
            "nome": "Usuário Válido",
            "email": "teste1776378347868@qa.com",
            "password": "123456",
            "administrador": "true",
            "_id": "GoH49BkpKXR9jYcn"
        },
        {
            "nome": "Judy",
            "email": "Kristoffer.Bogisich-Gerlach20@gmail.com",
            "password": "senha1234",
            "administrador": "true",
            "_id": "GsNmqwubmAB8kOQu"
        },
        {
            "nome": "prueba 1776378579973",
            "email": "prueba1776378579973@gmail.com",
            "password": "123456",
            "administrador": "true",
            "_id": "H72im5f3bve68eKj"
        },
        {
            "nome": "Usuário Válido",
            "email": "teste1776376632200@qa.com",
            "password": "123456",
            "administrador": "true",
            "_id": "HfhAepwYgAlIxIh0"
        },
        {
            "nome": "Usuário Válido",
            "email": "teste1776378110054@qa.com",
            "password": "123456",
            "administrador": "true",
            "_id": "Kv9PM9Aq4Ree7xwP"
        },
        {
            "nome": "Usuário Válido",
            "email": "teste1776377799397@qa.com",
            "password": "123456",
            "administrador": "true",
            "_id": "LG23HP9Q3FudTAPu"
        },
        {
            "nome": "Usuário Válido",
            "email": "teste1776378099892@qa.com",
            "password": "123456",
            "administrador": "true",
            "_id": "LKuoCtUCXoxLGunb"
        },
        {
            "nome": "Usuário Válido",
            "email": "teste1776375996837@qa.com",
            "password": "123456",
            "administrador": "true",
            "_id": "M6WB5EMnuxCbVYzC"
        },
        {
            "nome": "Usuário Válido",
            "email": "teste1776375930014@qa.com",
            "password": "123456",
            "administrador": "true",
            "_id": "M8I2ll7bZEvnZZLf"
        },
        {
            "nome": "Usuário Válido",
            "email": "teste1776376233728@qa.com",
            "password": "123456",
            "administrador": "true",
            "_id": "MpVTvdfBJDvkyy1I"
        },
        {
            "nome": "Usuário Válido",
            "email": "teste1776378113942@qa.com",
            "password": "123456",
            "administrador": "true",
            "_id": "NJbXCqQ6yvuBbU8E"
        },
        {
            "nome": "Usuário Válido",
            "email": "teste1776375985089@qa.com",
            "password": "123456",
            "administrador": "true",
            "_id": "OXqHbihK5yswfBun"
        },
        {
            "nome": "Fulano de tal",
            "email": "Leola.Hilll@hotmail.com",
            "password": "senha123",
            "administrador": "true",
            "_id": "PCrjjUXQCQ6hvMRC"
        },
        {
            "nome": "Guilherme Andrade",
            "email": "1@qa.com.br",
            "password": "Arroz",
            "administrador": "true",
            "_id": "PDxUVGMhJlnYWAnN"
        },
        {
            "nome": "Usuário Válido",
            "email": "teste1776378363181@qa.com",
            "password": "123456",
            "administrador": "true",
            "_id": "PZ5MYQ7Ich01dBgH"
        },
        {
            "nome": "prueba 1776378714279",
            "email": "prueba1776378714279@gmail.com",
            "password": "123456",
            "administrador": "true",
            "_id": "QYYrcDDnI6zgInHn"
        },
        {
            "nome": "Usuário Válido",
            "email": "teste1776376232671@qa.com",
            "password": "123456",
            "administrador": "true",
            "_id": "QjUzzIJvArhIRkWK"
        },
        {
            "nome": "Usuário Válido",
            "email": "teste1776378468177@qa.com",
            "password": "123456",
            "administrador": "true",
            "_id": "Raaj4fxhRdaSqK0V"
        },
        {
            "nome": "Usuário Válido",
            "email": "teste1776377795272@qa.com",
            "password": "123456",
            "administrador": "true",
            "_id": "S17uixL1ypeQC6Mo"
        },
        {
            "nome": "Edson QA",
            "email": "teste1776375954621@qa.com",
            "password": "123456",
            "administrador": "true",
            "_id": "S8aEb7Bq5JhDVQUC"
        },
        {
            "nome": "Usuário Válido",
            "email": "teste1776375946206@qa.com",
            "password": "123456",
            "administrador": "true",
            "_id": "TGorA7ptiNAMdvIK"
        },
        {
            "nome": "Usuário Válido",
            "email": "teste1776378109211@qa.com",
            "password": "123456",
            "administrador": "true",
            "_id": "Tb1BCrYRiBX6Na5E"
        },
        {
            "nome": "Usuário Válido",
            "email": "teste1776378353851@qa.com",
            "password": "123456",
            "administrador": "true",
            "_id": "UAxNEdaEUt69cf8E"
        },
        {
            "nome": "Usuário Válido",
            "email": "teste1776378452650@qa.com",
            "password": "123456",
            "administrador": "true",
            "_id": "UV5tsz6970wOrYLv"
        },
        {
            "nome": "Usuário Válido",
            "email": "teste1776376535894@qa.com",
            "password": "123456",
            "administrador": "true",
            "_id": "VgFaacLE1m1uVRVt"
        },
        {
            "nome": "Usuário Válido",
            "email": "teste1776378466416@qa.com",
            "password": "123456",
            "administrador": "true",
            "_id": "WbBajsAWYkdb9soT"
        },
        {
            "nome": "Usuário Válido",
            "email": "teste1776378100631@qa.com",
            "password": "123456",
            "administrador": "true",
            "_id": "WrOp37HehzbixBp8"
        },
        {
            "nome": "Allison Corwin",
            "email": "Rocky.Dickens@hotmail.com",
            "password": "pwd123",
            "administrador": "true",
            "_id": "XM1wGe6AfSKlDXUn"
        },
        {
            "nome": "Guilherme Andrade",
            "email": "guilherme@qa.com.br",
            "password": "Senha",
            "administrador": "true",
            "_id": "Y0F1siAOfVaKYP4g"
        },
        {
            "nome": "Usuário Válido",
            "email": "teste1776378470497@qa.com",
            "password": "123456",
            "administrador": "true",
            "_id": "YCvUhaS7qoPTGPwM"
        },
        {
            "nome": "Usuário Válido",
            "email": "teste1776378450919@qa.com",
            "password": "123456",
            "administrador": "true",
            "_id": "YJimMSJwRiOQxFp0"
        },
        {
            "nome": "Usuário Válido",
            "email": "teste1776378343586@qa.com",
            "password": "123456",
            "administrador": "true",
            "_id": "YT4I4DCO6cOQfMCJ"
        },
        {
            "nome": "Edson QA",
            "email": "teste1776376538482@qa.com",
            "password": "123456",
            "administrador": "true",
            "_id": "YjWob83iqPu6YmLl"
        },
        {
            "nome": "Usuário Válido",
            "email": "teste1776376051075@qa.com",
            "password": "123456",
            "administrador": "true",
            "_id": "YvFcgrBHOF8JbX1V"
        },
        {
            "nome": "Usuário Válido",
            "email": "teste1776377794336@qa.com",
            "password": "123456",
            "administrador": "true",
            "_id": "Z4DUZRMHmd2RWjcD"
        },
        {
            "nome": "Usuário Válido",
            "email": "teste1776376633365@qa.com",
            "password": "123456",
            "administrador": "true",
            "_id": "ZvoL468xExLbKMJC"
        },
        {
            "nome": "Usuário Válido",
            "email": "teste1776378103780@qa.com",
            "password": "123456",
            "administrador": "true",
            "_id": "a97yREQCNBsr72cc"
        },
        {
            "nome": "Usuário Válido",
            "email": "teste1776378455955@qa.com",
            "password": "123456",
            "administrador": "true",
            "_id": "abNP4czGLHSWAvxL"
        },
        {
            "nome": "Usuário Válido",
            "email": "teste1776375938982@qa.com",
            "password": "123456",
            "administrador": "true",
            "_id": "bFEoJIYZyEb8UNBE"
        },
        {
            "nome": "prueba 1776378306966",
            "email": "prueba1776378306966@gmail.com",
            "password": "123456",
            "administrador": "true",
            "_id": "cNf6fcJGGeQL4TuP"
        },
        {
            "nome": "Edson QA",
            "email": "teste1776378117831@qa.com",
            "password": "123456",
            "administrador": "true",
            "_id": "cznu4OQZowZAesfA"
        },
        {
            "nome": "Usuário Válido",
            "email": "teste1776378360893@qa.com",
            "password": "123456",
            "administrador": "true",
            "_id": "dZlhTzzfNUX8DGV1"
        },
        {
            "nome": "Usuário Válido",
            "email": "teste1776376532938@qa.com",
            "password": "123456",
            "administrador": "true",
            "_id": "dbqWjtN8LqbvNRSn"
        },
        {
            "nome": "Usuário Válido",
            "email": "teste1776376531691@qa.com",
            "password": "123456",
            "administrador": "true",
            "_id": "doxsfxMd6YV5KyFY"
        },
        {
            "nome": "Usuário Válido",
            "email": "teste1776375949879@qa.com",
            "password": "123456",
            "administrador": "true",
            "_id": "eIkRuFsdqUnwCCGe"
        },
        {
            "nome": "prueba 1776378745752",
            "email": "prueba1776378745752@gmail.com",
            "password": "123456",
            "administrador": "true",
            "_id": "eTYSBNoHQe7nvatY"
        },
        {
            "nome": "Usuário Válido",
            "email": "teste1776375928517@qa.com",
            "password": "123456",
            "administrador": "true",
            "_id": "eaFU32JguUIXT0U5"
        },
        {
            "nome": "Usuário Válido",
            "email": "teste1776378097695@qa.com",
            "password": "123456",
            "administrador": "true",
            "_id": "eqV0EAdgQ2T2vtMs"
        },
        {
            "nome": "prueba 1776378711301",
            "email": "prueba1776378711301@gmail.com",
            "password": "123456",
            "administrador": "true",
            "_id": "exp6f6IvVqirwcNa"
        },
        {
            "nome": "Usuário Válido",
            "email": "teste1776375948227@qa.com",
            "password": "123456",
            "administrador": "true",
            "_id": "fTRbpQiTLHMKazFL"
        },
        {
            "nome": "Usuário Válido",
            "email": "teste1776375953898@qa.com",
            "password": "123456",
            "administrador": "true",
            "_id": "fgaNmNyfA0p5iNzX"
        },
        {
            "nome": "Usuário Válido",
            "email": "teste1776376530792@qa.com",
            "password": "123456",
            "administrador": "true",
            "_id": "g3xjhGPGEU0zob8c"
        },
        {
            "nome": "Edson QA",
            "email": "teste1776376237432@qa.com",
            "password": "123456",
            "administrador": "true",
            "_id": "gJq1HAAbnjC5SadK"
        },
        {
            "nome": "Usuário Válido",
            "email": "teste1776378111293@qa.com",
            "password": "123456",
            "administrador": "true",
            "_id": "gheQhzG6s1brs6gX"
        },
        {
            "nome": "Usuário Válido",
            "email": "teste1776377785530@qa.com",
            "password": "123456",
            "administrador": "true",
            "_id": "hEQe0qzoU40QWKVl"
        },
        {
            "nome": "Frank",
            "email": "Sergio_Goyette80@yahoo.com",
            "password": "senha123",
            "administrador": "true",
            "_id": "hh86gNbret1E0Yv8"
        },
        {
            "nome": "Usuário Válido",
            "email": "teste1776377790180@qa.com",
            "password": "123456",
            "administrador": "true",
            "_id": "hld89pfnAVvNhfPB"
        },
        {
            "nome": "Usuário Válido",
            "email": "teste1776377783597@qa.com",
            "password": "123456",
            "administrador": "true",
            "_id": "hognNaFmnZFeJyeL"
        },
        {
            "nome": "Usuário Válido",
            "email": "teste1776378352379@qa.com",
            "password": "123456",
            "administrador": "true",
            "_id": "i0DLCNE953ZWTtd1"
        },
        {
            "nome": "Usuário Válido",
            "email": "teste1776380037825@qa.com",
            "password": "123456",
            "administrador": "true",
            "_id": "ipd5TK5fl3qbBllY"
        },
        {
            "nome": "Edson QA",
            "email": "teste1776377801818@qa.com",
            "password": "123456",
            "administrador": "true",
            "_id": "iu6wyBi3z2WzhsEM"
        },
        {
            "nome": "carlos",
            "email": "beltrano@q.com.br",
            "password": "teste",
            "administrador": "true",
            "_id": "jKl04VKzMuKXuM57"
        },
        {
            "nome": "Edson QA",
            "email": "teste1776378473126@qa.com",
            "password": "123456",
            "administrador": "true",
            "_id": "jydRtDyvoEBOPYq7"
        },
        {
            "nome": "Usuário Válido",
            "email": "teste1776378116913@qa.com",
            "password": "123456",
            "administrador": "true",
            "_id": "kBajSBowAe24fD9t"
        },
        {
            "nome": "Edson QA",
            "email": "teste1776378456889@qa.com",
            "password": "123456",
            "administrador": "true",
            "_id": "kHTCbSyE8x1QLwJz"
        },
        {
            "nome": "Usuário Válido",
            "email": "teste1776376633856@qa.com",
            "password": "123456",
            "administrador": "true",
            "_id": "lVhvFElrSSuLskcT"
        },
        {
            "nome": "Usuário Válido",
            "email": "teste1776376041146@qa.com",
            "password": "123456",
            "administrador": "true",
            "_id": "lZ9Q7PAaPE5VNEcx"
        },
        {
            "nome": "Usuário Válido",
            "email": "teste1776378104662@qa.com",
            "password": "123456",
            "administrador": "true",
            "_id": "lvHUCYQLkD3oltK4"
        },
        {
            "nome": "Usuário Válido",
            "email": "teste1776377781002@qa.com",
            "password": "123456",
            "administrador": "true",
            "_id": "mVX87qqR6jj0mtMj"
        },
        {
            "nome": "Usuário Válido",
            "email": "teste1776375926692@qa.com",
            "password": "123456",
            "administrador": "true",
            "_id": "mzrhhpOMAZUMQ9Ad"
        },
        {
            "nome": "Usuário Válido",
            "email": "teste1776378095566@qa.com",
            "password": "123456",
            "administrador": "true",
            "_id": "nBDcrZM3nfHQ1rRN"
        },
        {
            "nome": "Usuário Válido",
            "email": "teste1776380031056@qa.com",
            "password": "123456",
            "administrador": "true",
            "_id": "nQIw0ibGrtMcqZh4"
        },
        {
            "nome": "Usuário Válido",
            "email": "teste1776376631933@qa.com",
            "password": "123456",
            "administrador": "true",
            "_id": "nZXASLrebM8P2ECZ"
        },
        {
            "nome": "prueba 1776378743466",
            "email": "prueba1776378743466@gmail.com",
            "password": "123456",
            "administrador": "true",
            "_id": "nvcKK8Chr1oH4OKH"
        },
        {
            "nome": "Usuário Válido",
            "email": "teste1776376046027@qa.com",
            "password": "123456",
            "administrador": "true",
            "_id": "oAoorZdmHLfGaP2q"
        },
        {
            "nome": "Usuário Válido",
            "email": "teste1776378348646@qa.com",
            "password": "123456",
            "administrador": "true",
            "_id": "oBTiV8fwueLZB2JU"
        },
        {
            "nome": "prueba 1776378383599",
            "email": "prueba1776378383599@gmail.com",
            "password": "123456",
            "administrador": "true",
            "_id": "pHW6INY00bOvvIqi"
        },
        {
            "nome": "Usuário Válido",
            "email": "teste1776378465373@qa.com",
            "password": "123456",
            "administrador": "true",
            "_id": "prsQBT6V86rGFi2R"
        },
        {
            "nome": "Usuário Válido",
            "email": "teste1776380034009@qa.com",
            "password": "123456",
            "administrador": "true",
            "_id": "q1xXUybQwJOt2Vce"
        },
        {
            "nome": "Usuário Válido",
            "email": "teste1776376525096@qa.com",
            "password": "123456",
            "administrador": "true",
            "_id": "qB390yPeV3TTFFOv"
        },
        {
            "nome": "prueba 1776378569800",
            "email": "prueba1776378569800@gmail.com",
            "password": "123456",
            "administrador": "true",
            "_id": "qDjnKrmeswBumsW7"
        },
        {
            "nome": "Usuário Válido",
            "email": "teste1776377796984@qa.com",
            "password": "123456",
            "administrador": "true",
            "_id": "qMK5omRybUGUP8Lc"
        },
        {
            "nome": "Usuário Válido",
            "email": "teste1776378472172@qa.com",
            "password": "123456",
            "administrador": "true",
            "_id": "rEtydbCIvLyNrlmE"
        },
        {
            "nome": "Fulano da Silva",
            "email": "testeqa@gmail.com.br",
            "password": "teste",
            "administrador": "true",
            "_id": "rVU8jKAVcW3y5J8l"
        },
        {
            "nome": "Edson QA",
            "email": "teste1776378349424@qa.com",
            "password": "123456",
            "administrador": "true",
            "_id": "rWhA67BgrWanJSTU"
        },
        {
            "nome": "Edson QA",
            "email": "teste1776375930879@qa.com",
            "password": "123456",
            "administrador": "true",
            "_id": "rhGeuhO4kZtYbcnP"
        },
        {
            "nome": "Usuário Válido",
            "email": "teste1776378358885@qa.com",
            "password": "123456",
            "administrador": "true",
            "_id": "s2eR363KPkCXVerj"
        },
        {
            "nome": "prueba 1776378574678",
            "email": "prueba1776378574678@gmail.com",
            "password": "123456",
            "administrador": "true",
            "_id": "shdltwpEw7wOKRyp"
        },
        {
            "nome": "Edson QA",
            "email": "teste1776378101475@qa.com",
            "password": "123456",
            "administrador": "true",
            "_id": "slvwd8ymdwQwfQkm"
        },
        {
            "nome": "Edson QA",
            "email": "teste1776375950718@qa.com",
            "password": "123456",
            "administrador": "true",
            "_id": "tBympLNHorjYBzLm"
        },
        {
            "nome": "prueba 1776378749546",
            "email": "prueba1776378749546@gmail.com",
            "password": "123456",
            "administrador": "true",
            "_id": "tTZy0Dke7UfmiIne"
        },
        {
            "nome": "Edson QA",
            "email": "teste1776377787219@qa.com",
            "password": "123456",
            "administrador": "true",
            "_id": "tZU1T0MiCK5lHea1"
        },
        {
            "nome": "Usuário Válido",
            "email": "teste1776375991686@qa.com",
            "password": "123456",
            "administrador": "true",
            "_id": "uIyUfUGc3a6is9pv"
        },
        {
            "nome": "prueba 1776378738957",
            "email": "prueba1776378738957@gmail.com",
            "password": "123456",
            "administrador": "true",
            "_id": "vTYp27XpdkxVDOvO"
        },
        {
            "nome": "Usuário Válido",
            "email": "teste1776376629223@qa.com",
            "password": "123456",
            "administrador": "true",
            "_id": "vq7AYLa3bUmUnKb0"
        },
        {
            "nome": "Usuário Válido",
            "email": "teste1776375947365@qa.com",
            "password": "123456",
            "administrador": "true",
            "_id": "wSmikRchQsE1np5j"
        },
        {
            "nome": "Edson QA",
            "email": "teste1776375997730@qa.com",
            "password": "123456",
            "administrador": "true",
            "_id": "x9j7sf8lCfW1tv21"
        },
        {
            "nome": "Usuário Válido",
            "email": "teste1776376236669@qa.com",
            "password": "123456",
            "administrador": "true",
            "_id": "xTfhXXMulV8930ak"
        },
        {
            "nome": "prueba 1776378379017",
            "email": "prueba1776378379017@gmail.com",
            "password": "123456",
            "administrador": "true",
            "_id": "xZA2qB8UIUJwnAaN"
        },
        {
            "nome": "Usuário Válido",
            "email": "teste1776376049583@qa.com",
            "password": "123456",
            "administrador": "true",
            "_id": "xo3iPt0G5j96cjdY"
        },
        {
            "nome": "Usuário Válido",
            "email": "teste1776375993317@qa.com",
            "password": "123456",
            "administrador": "true",
            "_id": "yMV5mekYb8oabHV0"
        },
        {
            "nome": "Usuário Válido",
            "email": "teste1776378365299@qa.com",
            "password": "123456",
            "administrador": "true",
            "_id": "yTNJXh1pT488yRsk"
        },
        {
            "nome": "Fulano da Silva",
            "email": "beltrano@qa.com.br",
            "password": "teste",
            "administrador": "true",
            "_id": "z54sDvzwTnjgwyl8"
        },
        {
            "nome": "Usuário Válido",
            "email": "teste1776375951494@qa.com",
            "password": "123456",
            "administrador": "true",
            "_id": "zTCbpFd7qzqW0oYY"
        }
    ]
}
HTTP/1.1 200 OK
access-control-allow-origin: *
x-dns-prefetch-control: off
x-frame-options: SAMEORIGIN
strict-transport-security: max-age=15552000; includeSubDomains
x-download-options: noopen
x-content-type-options: nosniff
x-xss-protection: 1; mode=block
content-type: application/json; charset=utf-8
x-cloud-trace-context: 274c9411ed898eafb8b92e808c7513de
date: Thu, 16 Apr 2026 22:53:58 GMT
server: Google Frontend
Content-Length: 31868

{
    "quantidade": 145,
    "usuarios": [
        {
            "nome": "Fulano da Silva",
            "email": "fulano@qa.com",
            "password": "teste",
            "administrador": "true",
            "_id": "0uxuPY0cbmQhpEz1"
        },
        {
            "nome": "Edson QA",
            "email": "teste1776378366205@qa.com",
            "password": "123456",
            "administrador": "true",
            "_id": "2Qg1UppspPwJzz2T"
        },
        {
            "nome": "prueba 1776378385063",
            "email": "prueba1776378385063@gmail.com",
            "password": "123456",
            "administrador": "true",
            "_id": "2eJIvo4nlc5Y2277"
        },
        {
            "nome": "Usuário Válido",
            "email": "teste1776375948903@qa.com",
            "password": "123456",
            "administrador": "true",
            "_id": "36wwsCQeadU8lnXD"
        },
        {
            "nome": "Usuário Válido",
            "email": "teste1776378345530@qa.com",
            "password": "123456",
            "administrador": "true",
            "_id": "3JAlE4tlHZVWB2uL"
        },
        {
            "nome": "Usuário Válido",
            "email": "teste1776376632601@qa.com",
            "password": "123456",
            "administrador": "true",
            "_id": "3mc5b7yOWed1DJp4"
        },
        {
            "nome": "Usuário Válido",
            "email": "teste1776380028059@qa.com",
            "password": "123456",
            "administrador": "true",
            "_id": "3sUuVaBTflFIE0Ce"
        },
        {
            "nome": "Usuário Válido",
            "email": "teste1776376047477@qa.com",
            "password": "123456",
            "administrador": "true",
            "_id": "5UqWhhpWXymj0oEm"
        },
        {
            "nome": "Usuário Válido",
            "email": "teste1776375927801@qa.com",
            "password": "123456",
            "administrador": "true",
            "_id": "5oZQw9QVfLaVAVId"
        },
        {
            "nome": "Usuário Válido",
            "email": "teste1776375995216@qa.com",
            "password": "123456",
            "administrador": "true",
            "_id": "5w3hA3gm4DKlypQx"
        },
        {
            "nome": "prueba 1776378388048",
            "email": "prueba1776378388048@gmail.com",
            "password": "123456",
            "administrador": "true",
            "_id": "61lqcCyukz6BN5bI"
        },
        {
            "nome": "Fulano da Silva",
            "email": "testeq@gmail.com.br",
            "password": "teste",
            "administrador": "true",
            "_id": "6fwWNj1x965c7RvY"
        },
        {
            "nome": "Usuário Válido",
            "email": "teste1776375925111@qa.com",
            "password": "123456",
            "administrador": "true",
            "_id": "6sMY37IanbFhVUIv"
        },
        {
            "nome": "prueba 1776378576124",
            "email": "prueba1776378576124@gmail.com",
            "password": "123456",
            "administrador": "true",
            "_id": "6xbmkTwIX5PuyNas"
        },
        {
            "nome": "Usuário Válido",
            "email": "teste1776376048600@qa.com",
            "password": "123456",
            "administrador": "true",
            "_id": "6yiU2suB4yZAppeB"
        },
        {
            "nome": "Usuário Válido",
            "email": "teste1776380033197@qa.com",
            "password": "123456",
            "administrador": "true",
            "_id": "7JygSV9UrfbSGu2H"
        },
        {
            "nome": "Usuário Válido",
            "email": "teste1776377800928@qa.com",
            "password": "123456",
            "administrador": "true",
            "_id": "86laRBISJwo28rC5"
        },
        {
            "nome": "Usuário Válido",
            "email": "teste1776378459248@qa.com",
            "password": "123456",
            "administrador": "true",
            "_id": "8hs13j2aiAxKEBsg"
        },
        {
            "nome": "Usuário Válido",
            "email": "teste1776376234496@qa.com",
            "password": "123456",
            "administrador": "true",
            "_id": "8rCFQLARII0cRmbJ"
        },
        {
            "nome": "Usuário Válido",
            "email": "teste1776375952334@qa.com",
            "password": "123456",
            "administrador": "true",
            "_id": "98BK2b3viRZxmmzc"
        },
        {
            "nome": "prueba 1776378297976",
            "email": "prueba1776378297976@gmail.com",
            "password": "123456",
            "administrador": "true",
            "_id": "9U8a8UZsbI8WtZQ2"
        },
        {
            "nome": "prueba 1776378302464",
            "email": "prueba1776378302464@gmail.com",
            "password": "123456",
            "administrador": "true",
            "_id": "9w6MyXY1jBl199aE"
        },
        {
            "nome": "Edson QA",
            "email": "teste1776376051821@qa.com",
            "password": "123456",
            "administrador": "true",
            "_id": "A1FdlhtB2CNoW0Rv"
        },
        {
            "nome": "Elton",
            "email": "Julio.Donnelly@hotmail.com",
            "password": "senha123",
            "administrador": "true",
            "_id": "AYyo4w4n1MXU38QT"
        },
        {
            "nome": "Usuário Válido",
            "email": "teste1776375944519@qa.com",
            "password": "123456",
            "administrador": "true",
            "_id": "B6tBsP2jXvTOfoF2"
        },
        {
            "nome": "Usuário Válido",
            "email": "teste1776375950373@qa.com",
            "password": "123456",
            "administrador": "true",
            "_id": "BKbyhNQI4JjBzCgY"
        },
        {
            "nome": "Usuário Válido",
            "email": "teste1776377786400@qa.com",
            "password": "123456",
            "administrador": "true",
            "_id": "BvRL9YHQGm8kE41l"
        },
        {
            "nome": "laryssa isabelli",
            "email": "lary@qa.com.br",
            "password": "teste",
            "administrador": "true",
            "_id": "CQT7j4CrAtW8fjqB"
        },
        {
            "nome": "Edson QA",
            "email": "teste1776380034795@qa.com",
            "password": "123456",
            "administrador": "true",
            "_id": "DPbhGmg8WPVymMAV"
        },
        {
            "nome": "Usuário Válido",
            "email": "teste1776376226137@qa.com",
            "password": "123456",
            "administrador": "true",
            "_id": "DpS7bZey5e7GpV6R"
        },
        {
            "nome": "prueba 1776378303945",
            "email": "prueba1776378303945@gmail.com",
            "password": "123456",
            "administrador": "true",
            "_id": "DtGwEEzIfVfUVUH5"
        },
        {
            "nome": "Usuário Válido",
[...]
            "administrador": "true",
            "_id": "PDxUVGMhJlnYWAnN"
        },
        {
            "nome": "Usuário Válido",
            "email": "teste1776378363181@qa.com",
            "password": "123456",
            "administrador": "true",
            "_id": "PZ5MYQ7Ich01dBgH"
        },
        {
            "nome": "prueba 1776378714279",
            "email": "prueba1776378714279@gmail.com",
            "password": "123456",
            "administrador": "true",
            "_id": "QYYrcDDnI6zgInHn"
        },
        {
            "nome": "Usuário Válido",
            "email": "teste1776376232671@qa.com",
            "password": "123456",
            "administrador": "true",
            "_id": "QjUzzIJvArhIRkWK"
        },
        {
            "nome": "Usuário Válido",
            "email": "teste1776378468177@qa.com",
            "password": "123456",
            "administrador": "true",
            "_id": "Raaj4fxhRdaSqK0V"
        },
        {
            "nome": "Usuário Válido",
            "email": "teste1776377795272@qa.com",
            "password": "123456",
            "administrador": "true",
            "_id": "S17uixL1ypeQC6Mo"
        },
        {
            "nome": "Edson QA",
            "email": "teste1776375954621@qa.com",
            "password": "123456",
            "administrador": "true",
            "_id": "S8aEb7Bq5JhDVQUC"
        },
        {
            "nome": "Usuário Válido",
            "email": "teste1776375946206@qa.com",
            "password": "123456",
            "administrador": "true",
            "_id": "TGorA7ptiNAMdvIK"
        },
        {
            "nome": "Usuário Válido",
            "email": "teste1776378109211@qa.com",
            "password": "123456",
            "administrador": "true",
            "_id": "Tb1BCrYRiBX6Na5E"
        },
        {
            "nome": "Usuário Válido",
            "email": "teste1776378353851@qa.com",
            "password": "123456",
            "administrador": "true",
            "_id": "UAxNEdaEUt69cf8E"
        },
        {
            "nome": "Usuário Válido",
            "email": "teste1776378452650@qa.com",
            "password": "123456",
            "administrador": "true",
            "_id": "UV5tsz6970wOrYLv"
        },
        {
            "nome": "Usuário Válido",
            "email": "teste1776376535894@qa.com",
            "password": "123456",
            "administrador": "true",
            "_id": "VgFaacLE1m1uVRVt"
        },
        {
            "nome": "Usuário Válido",
            "email": "teste1776378466416@qa.com",
            "password": "123456",
            "administrador": "true",
            "_id": "WbBajsAWYkdb9soT"
        },
        {
            "nome": "Usuário Válido",
            "email": "teste1776378100631@qa.com",
            "password": "123456",
            "administrador": "true",
            "_id": "WrOp37HehzbixBp8"
        },
        {
            "nome": "Allison Corwin",
            "email": "Rocky.Dickens@hotmail.com",
            "password": "pwd123",
            "administrador": "true",
            "_id": "XM1wGe6AfSKlDXUn"
        },
        {
            "nome": "Guilherme Andrade",
            "email": "guilherme@qa.com.br",
            "password": "Senha",
            "administrador": "true",
            "_id": "Y0F1siAOfVaKYP4g"
        },
        {
            "nome": "Usuário Válido",
            "email": "teste1776378470497@qa.com",
            "password": "123456",
            "administrador": "true",
            "_id": "YCvUhaS7qoPTGPwM"
        },
        {
            "nome": "Usuário Válido",
            "email": "teste1776378450919@qa.com",
            "password": "123456",
            "administrador": "true",
            "_id": "YJimMSJwRiOQxFp0"
        },
        {
            "nome": "Usuário Válido",
            "email": "teste1776378343586@qa.com",
            "password": "123456",
            "administrador": "true",
            "_id": "YT4I4DCO6cOQfMCJ"
        },
        {
            "nome": "Edson QA",
            "email": "teste1776376538482@qa.com",
            "password": "123456",
            "administrador": "true",
            "_id": "YjWob83iqPu6YmLl"
        },
        {
            "nome": "Usuário Válido",
            "email": "teste1776376051075@qa.com",
            "password": "123456",
            "administrador": "true",
            "_id": "YvFcgrBHOF8JbX1V"
        },
        {
            "nome": "Usuário Válido",
            "email": "teste1776377794336@qa.com",
            "password": "123456",
            "administrador": "true",
            "_id": "Z4DUZRMHmd2RWjcD"
        },
        {
            "nome": "Usuário Válido",
            "email": "teste1776376633365@qa.com",
            "password": "123456",
            "administrador": "true",
            "_id": "ZvoL468xExLbKMJC"
        },
        {
            "nome": "Usuário Válido",
            "email": "teste1776378103780@qa.com",
            "password": "123456",
            "administrador": "true",
            "_id": "a97yREQCNBsr72cc"
        },
        {
            "nome": "Usuário Válido",
            "email": "teste1776378455955@qa.com",
            "password": "123456",
            "administrador": "true",
            "_id": "abNP4czGLHSWAvxL"
        },
        {
            "nome": "Usuário Válido",
            "email": "teste1776375938982@qa.com",
            "password": "123456",
            "administrador": "true",
            "_id": "bFEoJIYZyEb8UNBE"
        },
        {
            "nome": "prueba 1776378306966",
            "email": "prueba1776378306966@gmail.com",
            "password": "123456",
            "administrador": "true",
            "_id": "cNf6fcJGGeQL4TuP"
        },
        {
            "nome": "Edson QA",
            "email": "teste1776378117831@qa.com",
            "password": "123456",
            "administrador": "true",
            "_id": "cznu4OQZowZAesfA"
        },
        {
            "nome": "Usuário Válido",
            "email": "teste1776378360893@qa.com",
            "password": "123456",
            "administrador": "true",
            "_id": "dZlhTzzfNUX8DGV1"
        },
        {
            "nome": "Usuário Válido",
            "email": "teste1776376532938@qa.com",
            "password": "123456",
            "administrador": "true",
            "_id": "dbqWjtN8LqbvNRSn"
        },
        {
            "nome": "Usuário Válido",
            "email": "teste1776376531691@qa.com",
            "password": "123456",
            "administrador": "true",
            "_id": "doxsfxMd6YV5KyFY"
        },
        {
            "nome": "Usuário Válido",
            "email": "teste1776375949879@qa.com",
            "password": "123456",
            "administrador": "true",
            "_id": "eIkRuFsdqUnwCCGe"
        },
        {
            "nome": "prueba 1776378745752",
            "email": "prueba1776378745752@gmail.com",
            "password": "123456",
            "administrador": "true",
            "_id": "eTYSBNoHQe7nvatY"
        },
        {
            "nome": "Usuário Válido",
            "email": "teste1776375928517@qa.com",
            "password": "123456",
            "administrador": "true",
            "_id": "eaFU32JguUIXT0U5"
        },
        {
            "nome": "Usuário Válido",
            "email": "teste1776378097695@qa.com",
            "password": "123456",
            "administrador": "true",
            "_id": "eqV0EAdgQ2T2vtMs"
        },
        {
            "nome": "prueba 1776378711301",
            "email": "prueba1776378711301@gmail.com",
            "password": "123456",
            "administrador": "true",
            "_id": "exp6f6IvVqirwcNa"
        },
        {
            "nome": "Usuário Válido",
            "email": "teste1776375948227@qa.com",
            "password": "123456",
            "administrador": "true",
            "_id": "fTRbpQiTLHMKazFL"
        },
        {
            "nome": "Usuário Válido",
            "email": "teste1776375953898@qa.com",
            "password": "123456",
            "administrador": "true",
            "_id": "fgaNmNyfA0p5iNzX"
        },
        {
            "nome": "Usuário Válido",
            "email": "teste1776376530792@qa.com",
            "password": "123456",
            "administrador": "true",
            "_id": "g3xjhGPGEU0zob8c"
        },
        {
            "nome": "Edson QA",
            "email": "teste1776376237432@qa.com",
            "password": "123456",
            "administrador": "true",
            "_id": "gJq1HAAbnjC5SadK"
        },
        {
            "nome": "Usuário Válido",
            "email": "teste1776378111293@qa.com",
            "password": "123456",
            "administrador": "true",
            "_id": "gheQhzG6s1brs6gX"
        },
        {
            "nome": "Usuário Válido",
            "email": "teste1776377785530@qa.com",
            "password": "123456",
            "administrador": "true",
            "_id": "hEQe0qzoU40QWKVl"
        },
        {
            "nome": "Frank",
            "email": "Sergio_Goyette80@yahoo.com",
            "password": "senha123",
            "administrador": "true",
            "_id": "hh86gNbret1E0Yv8"
        },
        {
            "nome": "Usuário Válido",
            "email": "teste1776377790180@qa.com",
            "password": "123456",
            "administrador": "true",
            "_id": "hld89pfnAVvNhfPB"
        },
        {
            "nome": "Usuário Válido",
            "email": "teste1776377783597@qa.com",
            "password": "123456",
            "administrador": "true",
            "_id": "hognNaFmnZFeJyeL"
        },
        {
            "nome": "Usuário Válido",
            "email": "teste1776378352379@qa.com",
            "password": "123456",
            "administrador": "true",
            "_id": "i0DLCNE953ZWTtd1"
        },
        {
            "nome": "Usuário Válido",
            "email": "teste1776380037825@qa.com",
            "password": "123456",
            "administrador": "true",
            "_id": "ipd5TK5fl3qbBllY"
        },
        {
            "nome": "Edson QA",
            "email": "teste1776377801818@qa.com",
            "password": "123456",
            "administrador": "true",
            "_id": "iu6wyBi3z2WzhsEM"
        },
        {
            "nome": "carlos",
            "email": "beltrano@q.com.br",
            "password": "teste",
            "administrador": "true",
            "_id": "jKl04VKzMuKXuM57"
        },
        {
            "nome": "Edson QA",
            "email": "teste1776378473126@qa.com",
            "password": "123456",
            "administrador": "true",
            "_id": "jydRtDyvoEBOPYq7"
        },
        {
            "nome": "Usuário Válido",
            "email": "teste1776378116913@qa.com",
            "password": "123456",
            "administrador": "true",
            "_id": "kBajSBowAe24fD9t"
        },
        {
            "nome": "Edson QA",
            "email": "teste1776378456889@qa.com",
            "password": "123456",
            "administrador": "true",
            "_id": "kHTCbSyE8x1QLwJz"
        },
        {
            "nome": "Usuário Válido",
            "email": "teste1776376633856@qa.com",
            "password": "123456",
            "administrador": "true",
            "_id": "lVhvFElrSSuLskcT"
        },
        {
            "nome": "Usuário Válido",
            "email": "teste1776376041146@qa.com",
            "password": "123456",
            "administrador": "true",
            "_id": "lZ9Q7PAaPE5VNEcx"
        },
        {
            "nome": "Usuário Válido",
            "email": "teste1776378104662@qa.com",
            "password": "123456",
            "administrador": "true",
            "_id": "lvHUCYQLkD3oltK4"
        },
        {
            "nome": "Usuário Válido",
            "email": "teste1776377781002@qa.com",
            "password": "123456",
            "administrador": "true",
            "_id": "mVX87qqR6jj0mtMj"
        },
        {
            "nome": "Usuário Válido",
            "email": "teste1776375926692@qa.com",
            "password": "123456",
            "administrador": "true",
            "_id": "mzrhhpOMAZUMQ9Ad"
        },
        {
            "nome": "Usuário Válido",
            "email": "teste1776378095566@qa.com",
            "password": "123456",
            "administrador": "true",
            "_id": "nBDcrZM3nfHQ1rRN"
        },
        {
            "nome": "Usuário Válido",
            "email": "teste1776380031056@qa.com",
            "password": "123456",
            "administrador": "true",
            "_id": "nQIw0ibGrtMcqZh4"
        },
        {
            "nome": "Usuário Válido",
            "email": "teste1776376631933@qa.com",
            "password": "123456",
            "administrador": "true",
            "_id": "nZXASLrebM8P2ECZ"
        },
        {
            "nome": "prueba 1776378743466",
            "email": "prueba1776378743466@gmail.com",
            "password": "123456",
            "administrador": "true",
            "_id": "nvcKK8Chr1oH4OKH"
        },
        {
            "nome": "Usuário Válido",
            "email": "teste1776376046027@qa.com",
            "password": "123456",
            "administrador": "true",
            "_id": "oAoorZdmHLfGaP2q"
        },
        {
            "nome": "Usuário Válido",
            "email": "teste1776378348646@qa.com",
            "password": "123456",
            "administrador": "true",
            "_id": "oBTiV8fwueLZB2JU"
        },
        {
            "nome": "prueba 1776378383599",
            "email": "prueba1776378383599@gmail.com",
            "password": "123456",
            "administrador": "true",
            "_id": "pHW6INY00bOvvIqi"
        },
        {
            "nome": "Usuário Válido",
            "email": "teste1776378465373@qa.com",
            "password": "123456",
            "administrador": "true",
            "_id": "prsQBT6V86rGFi2R"
        },
        {
            "nome": "Usuário Válido",
            "email": "teste1776380034009@qa.com",
            "password": "123456",
            "administrador": "true",
            "_id": "q1xXUybQwJOt2Vce"
        },
        {
            "nome": "Usuário Válido",
            "email": "teste1776376525096@qa.com",
            "password": "123456",
            "administrador": "true",
            "_id": "qB390yPeV3TTFFOv"
        },
        {
            "nome": "prueba 1776378569800",
            "email": "prueba1776378569800@gmail.com",
            "password": "123456",
            "administrador": "true",
            "_id": "qDjnKrmeswBumsW7"
        },
        {
            "nome": "Usuário Válido",
            "email": "teste1776377796984@qa.com",
            "password": "123456",
            "administrador": "true",
            "_id": "qMK5omRybUGUP8Lc"
        },
        {
            "nome": "Usuário Válido",
            "email": "teste1776378472172@qa.com",
            "password": "123456",
            "administrador": "true",
            "_id": "rEtydbCIvLyNrlmE"
        },
        {
            "nome": "Fulano da Silva",
            "email": "testeqa@gmail.com.br",
            "password": "teste",
            "administrador": "true",
            "_id": "rVU8jKAVcW3y5J8l"
        },
        {
            "nome": "Edson QA",
            "email": "teste1776378349424@qa.com",
            "password": "123456",
            "administrador": "true",
            "_id": "rWhA67BgrWanJSTU"
        },
        {
            "nome": "Edson QA",
            "email": "teste1776375930879@qa.com",
            "password": "123456",
            "administrador": "true",
            "_id": "rhGeuhO4kZtYbcnP"
        },
        {
            "nome": "Usuário Válido",
            "email": "teste1776378358885@qa.com",
            "password": "123456",
            "administrador": "true",
            "_id": "s2eR363KPkCXVerj"
        },
        {
            "nome": "prueba 1776378574678",
            "email": "prueba1776378574678@gmail.com",
            "password": "123456",
            "administrador": "true",
            "_id": "shdltwpEw7wOKRyp"
        },
        {
            "nome": "Edson QA",
            "email": "teste1776378101475@qa.com",
            "password": "123456",
            "administrador": "true",
            "_id": "slvwd8ymdwQwfQkm"
        },
        {
            "nome": "Edson QA",
            "email": "teste1776375950718@qa.com",
            "password": "123456",
            "administrador": "true",
            "_id": "tBympLNHorjYBzLm"
        },
        {
            "nome": "prueba 1776378749546",
            "email": "prueba1776378749546@gmail.com",
            "password": "123456",
            "administrador": "true",
            "_id": "tTZy0Dke7UfmiIne"
        },
        {
            "nome": "Edson QA",
            "email": "teste1776377787219@qa.com",
            "password": "123456",
            "administrador": "true",
            "_id": "tZU1T0MiCK5lHea1"
        },
        {
            "nome": "Usuário Válido",
            "email": "teste1776375991686@qa.com",
            "password": "123456",
            "administrador": "true",
            "_id": "uIyUfUGc3a6is9pv"
        },
        {
            "nome": "prueba 1776378738957",
            "email": "prueba1776378738957@gmail.com",
            "password": "123456",
            "administrador": "true",
            "_id": "vTYp27XpdkxVDOvO"
        },
        {
            "nome": "Usuário Válido",
            "email": "teste1776376629223@qa.com",
            "password": "123456",
            "administrador": "true",
            "_id": "vq7AYLa3bUmUnKb0"
        },
        {
            "nome": "Usuário Válido",
            "email": "teste1776380038927@qa.com",
            "password": "123456",
            "administrador": "true",
            "_id": "wGBViaiYYYbwnuMC"
        },
        {
            "nome": "Usuário Válido",
            "email": "teste1776375947365@qa.com",
            "password": "123456",
            "administrador": "true",
            "_id": "wSmikRchQsE1np5j"
        },
        {
            "nome": "Edson QA",
            "email": "teste1776375997730@qa.com",
            "password": "123456",
            "administrador": "true",
            "_id": "x9j7sf8lCfW1tv21"
        },
        {
            "nome": "Usuário Válido",
            "email": "teste1776376236669@qa.com",
            "password": "123456",
            "administrador": "true",
            "_id": "xTfhXXMulV8930ak"
        },
        {
            "nome": "prueba 1776378379017",
            "email": "prueba1776378379017@gmail.com",
            "password": "123456",
            "administrador": "true",
            "_id": "xZA2qB8UIUJwnAaN"
        },
        {
            "nome": "Usuário Válido",
            "email": "teste1776376049583@qa.com",
            "password": "123456",
            "administrador": "true",
            "_id": "xo3iPt0G5j96cjdY"
        },
        {
            "nome": "Usuário Válido",
            "email": "teste1776375993317@qa.com",
            "password": "123456",
            "administrador": "true",
            "_id": "yMV5mekYb8oabHV0"
        },
        {
            "nome": "Usuário Válido",
            "email": "teste1776378365299@qa.com",
            "password": "123456",
            "administrador": "true",
            "_id": "yTNJXh1pT488yRsk"
        },
        {
            "nome": "Fulano da Silva",
            "email": "beltrano@qa.com.br",
            "password": "teste",
            "administrador": "true",
            "_id": "z54sDvzwTnjgwyl8"
        },
        {
            "nome": "Usuário Válido",
            "email": "teste1776375951494@qa.com",
            "password": "123456",
            "administrador": "true",
            "_id": "zTCbpFd7qzqW0oYY"
        }
    ]
}
]]></system-out>
  </testcase>
</testsuite>